This file contains any messages produced by compilers while
running configure, to aid debugging if configure makes a mistake.

It was created by SphinxTrain configure 1.0.8, which was
generated by GNU Autoconf 2.65.  Invocation command line was

  $ ./configure 

## --------- ##
## Platform. ##
## --------- ##

hostname = syf-work
uname -m = x86_64
uname -r = 4.19.2
uname -s = Linux
uname -v = #2 SMP Mon Dec 3 17:15:58 CST 2018

/usr/bin/uname -p = unknown
/bin/uname -X     = unknown

/bin/arch              = unknown
/usr/bin/arch -k       = unknown
/usr/convex/getsysinfo = unknown
/usr/bin/hostinfo      = unknown
/bin/machine           = unknown
/usr/bin/oslevel       = unknown
/bin/universe          = unknown

PATH: /usr/local/openssl/bin
PATH: /usr/local/sbin
PATH: /usr/local/bin
PATH: /usr/sbin
PATH: /usr/bin
PATH: /sbin
PATH: /bin
PATH: /usr/games
PATH: /usr/local/games
PATH: /home/syf/bin
PATH: /home/syf/work/kaldi/tools/srilm-1.7.2/bin/


## ----------- ##
## Core tests. ##
## ----------- ##

configure:2587: checking for a BSD-compatible install
configure:2655: result: /usr/bin/install -c
configure:2666: checking whether build environment is sane
configure:2716: result: yes
configure:2857: checking for a thread-safe mkdir -p
configure:2896: result: /bin/mkdir -p
configure:2909: checking for gawk
configure:2939: result: no
configure:2909: checking for mawk
configure:2925: found /usr/bin/mawk
configure:2936: result: mawk
configure:2947: checking whether make sets $(MAKE)
configure:2969: result: yes
configure:3046: checking build system type
configure:3060: result: x86_64-unknown-linux-gnu
configure:3080: checking host system type
configure:3093: result: x86_64-unknown-linux-gnu
configure:3162: checking for gcc
configure:3178: found /usr/bin/gcc
configure:3189: result: gcc
configure:3418: checking for C compiler version
configure:3427: gcc --version >&5
gcc (Ubuntu 4.8.5-4ubuntu8) 4.8.5
Copyright (C) 2015 Free Software Foundation, Inc.
This is free software; see the source for copying conditions.  There is NO
warranty; not even for MERCHANTABILITY or FITNESS FOR A PARTICULAR PURPOSE.

configure:3438: $? = 0
configure:3427: gcc -v >&5
Using built-in specs.
COLLECT_GCC=gcc
COLLECT_LTO_WRAPPER=/usr/lib/gcc/x86_64-linux-gnu/4.8/lto-wrapper
Target: x86_64-linux-gnu
Configured with: ../src/configure -v --with-pkgversion='Ubuntu 4.8.5-4ubuntu8' --with-bugurl=file:///usr/share/doc/gcc-4.8/README.Bugs --enable-languages=c,c++,go,d,fortran,objc,obj-c++ --prefix=/usr --program-suffix=-4.8 --enable-shared --enable-linker-build-id --libexecdir=/usr/lib --without-included-gettext --enable-threads=posix --with-gxx-include-dir=/usr/include/c++/4.8 --libdir=/usr/lib --enable-nls --with-sysroot=/ --enable-clocale=gnu --enable-libstdcxx-debug --enable-libstdcxx-time=yes --enable-gnu-unique-object --disable-libmudflap --enable-plugin --with-system-zlib --enable-objc-gc --enable-multiarch --disable-werror --with-arch-32=i686 --with-abi=m64 --with-multilib-list=m32,m64,mx32 --with-tune=generic --enable-checking=release --build=x86_64-linux-gnu --host=x86_64-linux-gnu --target=x86_64-linux-gnu
Thread model: posix
gcc version 4.8.5 (Ubuntu 4.8.5-4ubuntu8) 
configure:3438: $? = 0
configure:3427: gcc -V >&5
gcc: error: unrecognized command line option '-V'
gcc: fatal error: no input files
compilation terminated.
configure:3438: $? = 4
configure:3427: gcc -qversion >&5
gcc: error: unrecognized command line option '-qversion'
gcc: fatal error: no input files
compilation terminated.
configure:3438: $? = 4
configure:3458: checking whether the C compiler works
configure:3480: gcc    conftest.c  >&5
configure:3484: $? = 0
configure:3533: result: yes
configure:3536: checking for C compiler default output file name
configure:3538: result: a.out
configure:3544: checking for suffix of executables
configure:3551: gcc -o conftest    conftest.c  >&5
configure:3555: $? = 0
configure:3577: result: 
configure:3599: checking whether we are cross compiling
configure:3607: gcc -o conftest    conftest.c  >&5
configure:3611: $? = 0
configure:3618: ./conftest
configure:3622: $? = 0
configure:3637: result: no
configure:3642: checking for suffix of object files
configure:3664: gcc -c   conftest.c >&5
configure:3668: $? = 0
configure:3689: result: o
configure:3693: checking whether we are using the GNU C compiler
configure:3712: gcc -c   conftest.c >&5
configure:3712: $? = 0
configure:3721: result: yes
configure:3730: checking whether gcc accepts -g
configure:3750: gcc -c -g  conftest.c >&5
configure:3750: $? = 0
configure:3791: result: yes
configure:3808: checking for gcc option to accept ISO C89
configure:3872: gcc  -c -g -O2  conftest.c >&5
configure:3872: $? = 0
configure:3885: result: none needed
configure:3916: checking for style of include used by make
configure:3944: result: GNU
configure:3969: checking dependency style of gcc
configure:4079: result: gcc3
configure:4152: checking for g++
configure:4168: found /usr/bin/g++
configure:4179: result: g++
configure:4206: checking for C++ compiler version
configure:4215: g++ --version >&5
g++ (Ubuntu 4.8.5-4ubuntu8) 4.8.5
Copyright (C) 2015 Free Software Foundation, Inc.
This is free software; see the source for copying conditions.  There is NO
warranty; not even for MERCHANTABILITY or FITNESS FOR A PARTICULAR PURPOSE.

configure:4226: $? = 0
configure:4215: g++ -v >&5
Using built-in specs.
COLLECT_GCC=g++
COLLECT_LTO_WRAPPER=/usr/lib/gcc/x86_64-linux-gnu/4.8/lto-wrapper
Target: x86_64-linux-gnu
Configured with: ../src/configure -v --with-pkgversion='Ubuntu 4.8.5-4ubuntu8' --with-bugurl=file:///usr/share/doc/gcc-4.8/README.Bugs --enable-languages=c,c++,go,d,fortran,objc,obj-c++ --prefix=/usr --program-suffix=-4.8 --enable-shared --enable-linker-build-id --libexecdir=/usr/lib --without-included-gettext --enable-threads=posix --with-gxx-include-dir=/usr/include/c++/4.8 --libdir=/usr/lib --enable-nls --with-sysroot=/ --enable-clocale=gnu --enable-libstdcxx-debug --enable-libstdcxx-time=yes --enable-gnu-unique-object --disable-libmudflap --enable-plugin --with-system-zlib --enable-objc-gc --enable-multiarch --disable-werror --with-arch-32=i686 --with-abi=m64 --with-multilib-list=m32,m64,mx32 --with-tune=generic --enable-checking=release --build=x86_64-linux-gnu --host=x86_64-linux-gnu --target=x86_64-linux-gnu
Thread model: posix
gcc version 4.8.5 (Ubuntu 4.8.5-4ubuntu8) 
configure:4226: $? = 0
configure:4215: g++ -V >&5
g++: error: unrecognized command line option '-V'
g++: fatal error: no input files
compilation terminated.
configure:4226: $? = 4
configure:4215: g++ -qversion >&5
g++: error: unrecognized command line option '-qversion'
g++: fatal error: no input files
compilation terminated.
configure:4226: $? = 4
configure:4230: checking whether we are using the GNU C++ compiler
configure:4249: g++ -c   conftest.cpp >&5
configure:4249: $? = 0
configure:4258: result: yes
configure:4267: checking whether g++ accepts -g
configure:4287: g++ -c -g  conftest.cpp >&5
configure:4287: $? = 0
configure:4328: result: yes
configure:4353: checking dependency style of g++
configure:4463: result: gcc3
configure:4503: checking for a sed that does not truncate output
configure:4567: result: /bin/sed
configure:4585: checking for grep that handles long lines and -e
configure:4643: result: /bin/grep
configure:4648: checking for egrep
configure:4710: result: /bin/grep -E
configure:4715: checking for fgrep
configure:4777: result: /bin/grep -F
configure:4812: checking for ld used by gcc
configure:4879: result: /usr/bin/ld
configure:4886: checking if the linker (/usr/bin/ld) is GNU ld
configure:4901: result: yes
configure:4913: checking for BSD- or MS-compatible name lister (nm)
configure:4962: result: /usr/bin/nm -B
configure:5080: checking the name lister (/usr/bin/nm -B) interface
configure:5087: gcc -c -g -O2  conftest.c >&5
configure:5090: /usr/bin/nm -B "conftest.o"
configure:5093: output
0000000000000000 B some_variable
configure:5100: result: BSD nm
configure:5103: checking whether ln -s works
configure:5107: result: yes
configure:5115: checking the maximum length of command line arguments
configure:5235: result: 1572864
configure:5252: checking whether the shell understands some XSI constructs
configure:5262: result: yes
configure:5266: checking whether the shell understands "+="
configure:5272: result: yes
configure:5307: checking for /usr/bin/ld option to reload object files
configure:5314: result: -r
configure:5383: checking for objdump
configure:5399: found /usr/bin/objdump
configure:5410: result: objdump
configure:5442: checking how to recognize dependent libraries
configure:5638: result: pass_all
configure:5698: checking for ar
configure:5714: found /usr/bin/ar
configure:5725: result: ar
configure:5803: checking for strip
configure:5819: found /usr/bin/strip
configure:5830: result: strip
configure:5902: checking for ranlib
configure:5918: found /usr/bin/ranlib
configure:5929: result: ranlib
configure:6019: checking command to parse /usr/bin/nm -B output from gcc object
configure:6137: gcc -c -g -O2  conftest.c >&5
configure:6140: $? = 0
configure:6144: /usr/bin/nm -B conftest.o \| sed -n -e 's/^.*[	 ]\([ABCDGIRSTW][ABCDGIRSTW]*\)[	 ][	 ]*\([_A-Za-z][_A-Za-z0-9]*\)$/\1 \2 \2/p' \> conftest.nm
configure:6147: $? = 0
configure:6201: gcc -o conftest -g -O2   conftest.c conftstm.o >&5
configure:6204: $? = 0
configure:6242: result: ok
configure:6338: gcc -c -g -O2  conftest.c >&5
configure:6341: $? = 0
configure:7051: checking how to run the C preprocessor
configure:7082: gcc -E  conftest.c
configure:7082: $? = 0
configure:7096: gcc -E  conftest.c
conftest.c:9:28: fatal error: ac_nonexistent.h: No such file or directory
 #include <ac_nonexistent.h>
                            ^
compilation terminated.
configure:7096: $? = 1
configure: failed program was:
| /* confdefs.h */
| #define PACKAGE_NAME "SphinxTrain"
| #define PACKAGE_TARNAME "sphinxtrain"
| #define PACKAGE_VERSION "1.0.8"
| #define PACKAGE_STRING "SphinxTrain 1.0.8"
| #define PACKAGE_BUGREPORT ""
| #define PACKAGE_URL ""
| /* end confdefs.h.  */
| #include <ac_nonexistent.h>
configure:7121: result: gcc -E
configure:7141: gcc -E  conftest.c
configure:7141: $? = 0
configure:7155: gcc -E  conftest.c
conftest.c:9:28: fatal error: ac_nonexistent.h: No such file or directory
 #include <ac_nonexistent.h>
                            ^
compilation terminated.
configure:7155: $? = 1
configure: failed program was:
| /* confdefs.h */
| #define PACKAGE_NAME "SphinxTrain"
| #define PACKAGE_TARNAME "sphinxtrain"
| #define PACKAGE_VERSION "1.0.8"
| #define PACKAGE_STRING "SphinxTrain 1.0.8"
| #define PACKAGE_BUGREPORT ""
| #define PACKAGE_URL ""
| /* end confdefs.h.  */
| #include <ac_nonexistent.h>
configure:7184: checking for ANSI C header files
configure:7204: gcc -c -g -O2  conftest.c >&5
configure:7204: $? = 0
configure:7277: gcc -o conftest -g -O2   conftest.c  >&5
configure:7277: $? = 0
configure:7277: ./conftest
configure:7277: $? = 0
configure:7288: result: yes
configure:7301: checking for sys/types.h
configure:7301: gcc -c -g -O2  conftest.c >&5
configure:7301: $? = 0
configure:7301: result: yes
configure:7301: checking for sys/stat.h
configure:7301: gcc -c -g -O2  conftest.c >&5
configure:7301: $? = 0
configure:7301: result: yes
configure:7301: checking for stdlib.h
configure:7301: gcc -c -g -O2  conftest.c >&5
configure:7301: $? = 0
configure:7301: result: yes
configure:7301: checking for string.h
configure:7301: gcc -c -g -O2  conftest.c >&5
configure:7301: $? = 0
configure:7301: result: yes
configure:7301: checking for memory.h
configure:7301: gcc -c -g -O2  conftest.c >&5
configure:7301: $? = 0
configure:7301: result: yes
configure:7301: checking for strings.h
configure:7301: gcc -c -g -O2  conftest.c >&5
configure:7301: $? = 0
configure:7301: result: yes
configure:7301: checking for inttypes.h
configure:7301: gcc -c -g -O2  conftest.c >&5
configure:7301: $? = 0
configure:7301: result: yes
configure:7301: checking for stdint.h
configure:7301: gcc -c -g -O2  conftest.c >&5
configure:7301: $? = 0
configure:7301: result: yes
configure:7301: checking for unistd.h
configure:7301: gcc -c -g -O2  conftest.c >&5
configure:7301: $? = 0
configure:7301: result: yes
configure:7316: checking for dlfcn.h
configure:7316: gcc -c -g -O2  conftest.c >&5
configure:7316: $? = 0
configure:7316: result: yes
configure:7441: checking for C++ compiler version
configure:7450: g++ --version >&5
g++ (Ubuntu 4.8.5-4ubuntu8) 4.8.5
Copyright (C) 2015 Free Software Foundation, Inc.
This is free software; see the source for copying conditions.  There is NO
warranty; not even for MERCHANTABILITY or FITNESS FOR A PARTICULAR PURPOSE.

configure:7461: $? = 0
configure:7450: g++ -v >&5
Using built-in specs.
COLLECT_GCC=g++
COLLECT_LTO_WRAPPER=/usr/lib/gcc/x86_64-linux-gnu/4.8/lto-wrapper
Target: x86_64-linux-gnu
Configured with: ../src/configure -v --with-pkgversion='Ubuntu 4.8.5-4ubuntu8' --with-bugurl=file:///usr/share/doc/gcc-4.8/README.Bugs --enable-languages=c,c++,go,d,fortran,objc,obj-c++ --prefix=/usr --program-suffix=-4.8 --enable-shared --enable-linker-build-id --libexecdir=/usr/lib --without-included-gettext --enable-threads=posix --with-gxx-include-dir=/usr/include/c++/4.8 --libdir=/usr/lib --enable-nls --with-sysroot=/ --enable-clocale=gnu --enable-libstdcxx-debug --enable-libstdcxx-time=yes --enable-gnu-unique-object --disable-libmudflap --enable-plugin --with-system-zlib --enable-objc-gc --enable-multiarch --disable-werror --with-arch-32=i686 --with-abi=m64 --with-multilib-list=m32,m64,mx32 --with-tune=generic --enable-checking=release --build=x86_64-linux-gnu --host=x86_64-linux-gnu --target=x86_64-linux-gnu
Thread model: posix
gcc version 4.8.5 (Ubuntu 4.8.5-4ubuntu8) 
configure:7461: $? = 0
configure:7450: g++ -V >&5
g++: error: unrecognized command line option '-V'
g++: fatal error: no input files
compilation terminated.
configure:7461: $? = 4
configure:7450: g++ -qversion >&5
g++: error: unrecognized command line option '-qversion'
g++: fatal error: no input files
compilation terminated.
configure:7461: $? = 4
configure:7465: checking whether we are using the GNU C++ compiler
configure:7493: result: yes
configure:7502: checking whether g++ accepts -g
configure:7563: result: yes
configure:7588: checking dependency style of g++
configure:7698: result: gcc3
configure:7721: checking how to run the C++ preprocessor
configure:7748: g++ -E  conftest.cpp
configure:7748: $? = 0
configure:7762: g++ -E  conftest.cpp
conftest.cpp:20:28: fatal error: ac_nonexistent.h: No such file or directory
 #include <ac_nonexistent.h>
                            ^
compilation terminated.
configure:7762: $? = 1
configure: failed program was:
| /* confdefs.h */
| #define PACKAGE_NAME "SphinxTrain"
| #define PACKAGE_TARNAME "sphinxtrain"
| #define PACKAGE_VERSION "1.0.8"
| #define PACKAGE_STRING "SphinxTrain 1.0.8"
| #define PACKAGE_BUGREPORT ""
| #define PACKAGE_URL ""
| #define STDC_HEADERS 1
| #define HAVE_SYS_TYPES_H 1
| #define HAVE_SYS_STAT_H 1
| #define HAVE_STDLIB_H 1
| #define HAVE_STRING_H 1
| #define HAVE_MEMORY_H 1
| #define HAVE_STRINGS_H 1
| #define HAVE_INTTYPES_H 1
| #define HAVE_STDINT_H 1
| #define HAVE_UNISTD_H 1
| #define HAVE_DLFCN_H 1
| /* end confdefs.h.  */
| #include <ac_nonexistent.h>
configure:7787: result: g++ -E
configure:7807: g++ -E  conftest.cpp
configure:7807: $? = 0
configure:7821: g++ -E  conftest.cpp
conftest.cpp:20:28: fatal error: ac_nonexistent.h: No such file or directory
 #include <ac_nonexistent.h>
                            ^
compilation terminated.
configure:7821: $? = 1
configure: failed program was:
| /* confdefs.h */
| #define PACKAGE_NAME "SphinxTrain"
| #define PACKAGE_TARNAME "sphinxtrain"
| #define PACKAGE_VERSION "1.0.8"
| #define PACKAGE_STRING "SphinxTrain 1.0.8"
| #define PACKAGE_BUGREPORT ""
| #define PACKAGE_URL ""
| #define STDC_HEADERS 1
| #define HAVE_SYS_TYPES_H 1
| #define HAVE_SYS_STAT_H 1
| #define HAVE_STDLIB_H 1
| #define HAVE_STRING_H 1
| #define HAVE_MEMORY_H 1
| #define HAVE_STRINGS_H 1
| #define HAVE_INTTYPES_H 1
| #define HAVE_STDINT_H 1
| #define HAVE_UNISTD_H 1
| #define HAVE_DLFCN_H 1
| /* end confdefs.h.  */
| #include <ac_nonexistent.h>
configure:8027: checking for objdir
configure:8042: result: .libs
configure:8338: checking if gcc supports -fno-rtti -fno-exceptions
configure:8356: gcc -c -g -O2  -fno-rtti -fno-exceptions conftest.c >&5
cc1: warning: command line option '-fno-rtti' is valid for C++/ObjC++ but not for C [enabled by default]
configure:8360: $? = 0
configure:8373: result: no
configure:8393: checking for gcc option to produce PIC
configure:8665: result: -fPIC -DPIC
configure:8677: checking if gcc PIC flag -fPIC -DPIC works
configure:8695: gcc -c -g -O2  -fPIC -DPIC -DPIC conftest.c >&5
configure:8699: $? = 0
configure:8712: result: yes
configure:8736: checking if gcc static flag -static works
configure:8764: result: yes
configure:8779: checking if gcc supports -c -o file.o
configure:8800: gcc -c -g -O2  -o out/conftest2.o conftest.c >&5
configure:8804: $? = 0
configure:8826: result: yes
configure:8834: checking if gcc supports -c -o file.o
configure:8881: result: yes
configure:8914: checking whether the gcc linker (/usr/bin/ld -m elf_x86_64) supports shared libraries
configure:9900: result: yes
configure:9937: checking whether -lc should be explicitly linked in
configure:9942: gcc -c -g -O2  conftest.c >&5
configure:9945: $? = 0
configure:9960: gcc -shared conftest.o  -v -Wl,-soname -Wl,conftest -o conftest 2\>\&1 \| /bin/grep  -lc  \>/dev/null 2\>\&1
configure:9963: $? = 0
configure:9975: result: no
configure:10139: checking dynamic linker characteristics
configure:10572: gcc -o conftest -g -O2   -Wl,-rpath -Wl,/foo conftest.c  >&5
configure:10572: $? = 0
configure:10793: result: GNU/Linux ld.so
configure:10895: checking how to hardcode library paths into programs
configure:10920: result: immediate
configure:11440: checking whether stripping libraries is possible
configure:11445: result: yes
configure:11480: checking if libtool supports shared libraries
configure:11482: result: yes
configure:11485: checking whether to build shared libraries
configure:11506: result: yes
configure:11509: checking whether to build static libraries
configure:11513: result: yes
configure:11663: checking for ld used by g++
configure:11730: result: /usr/bin/ld -m elf_x86_64
configure:11737: checking if the linker (/usr/bin/ld -m elf_x86_64) is GNU ld
configure:11752: result: yes
configure:11807: checking whether the g++ linker (/usr/bin/ld -m elf_x86_64) supports shared libraries
configure:12720: result: yes
configure:12748: g++ -c -g -O2  conftest.cpp >&5
configure:12751: $? = 0
configure:12933: checking for g++ option to produce PIC
configure:13250: result: -fPIC -DPIC
configure:13259: checking if g++ PIC flag -fPIC -DPIC works
configure:13277: g++ -c -g -O2  -fPIC -DPIC -DPIC conftest.cpp >&5
configure:13281: $? = 0
configure:13294: result: yes
configure:13315: checking if g++ static flag -static works
configure:13343: result: yes
configure:13355: checking if g++ supports -c -o file.o
configure:13376: g++ -c -g -O2  -o out/conftest2.o conftest.cpp >&5
configure:13380: $? = 0
configure:13402: result: yes
configure:13407: checking if g++ supports -c -o file.o
configure:13454: result: yes
configure:13484: checking whether the g++ linker (/usr/bin/ld -m elf_x86_64) supports shared libraries
configure:13510: result: yes
configure:13647: checking dynamic linker characteristics
configure:14028: g++ -o conftest -g -O2   -Wl,-rpath -Wl,/foo conftest.cpp  >&5
configure:14028: $? = 0
configure:14249: result: GNU/Linux ld.so
configure:14300: checking how to hardcode library paths into programs
configure:14325: result: immediate
configure:14383: checking whether byte ordering is bigendian
configure:14398: gcc -c -g -O2  conftest.c >&5
conftest.c:22:9: error: unknown type name 'not'
         not a universal capable compiler
         ^
conftest.c:22:15: error: expected '=', ',', ';', 'asm' or '__attribute__' before 'universal'
         not a universal capable compiler
               ^
conftest.c:22:15: error: unknown type name 'universal'
configure:14398: $? = 1
configure: failed program was:
| /* confdefs.h */
| #define PACKAGE_NAME "SphinxTrain"
| #define PACKAGE_TARNAME "sphinxtrain"
| #define PACKAGE_VERSION "1.0.8"
| #define PACKAGE_STRING "SphinxTrain 1.0.8"
| #define PACKAGE_BUGREPORT ""
| #define PACKAGE_URL ""
| #define STDC_HEADERS 1
| #define HAVE_SYS_TYPES_H 1
| #define HAVE_SYS_STAT_H 1
| #define HAVE_STDLIB_H 1
| #define HAVE_STRING_H 1
| #define HAVE_MEMORY_H 1
| #define HAVE_STRINGS_H 1
| #define HAVE_INTTYPES_H 1
| #define HAVE_STDINT_H 1
| #define HAVE_UNISTD_H 1
| #define HAVE_DLFCN_H 1
| #define LT_OBJDIR ".libs/"
| /* end confdefs.h.  */
| #ifndef __APPLE_CC__
| 	       not a universal capable compiler
| 	     #endif
| 	     typedef int dummy;
| 
configure:14443: gcc -c -g -O2  conftest.c >&5
configure:14443: $? = 0
configure:14461: gcc -c -g -O2  conftest.c >&5
conftest.c: In function 'main':
conftest.c:28:4: error: unknown type name 'not'
    not big endian
    ^
conftest.c:28:12: error: expected '=', ',', ';', 'asm' or '__attribute__' before 'endian'
    not big endian
            ^
configure:14461: $? = 1
configure: failed program was:
| /* confdefs.h */
| #define PACKAGE_NAME "SphinxTrain"
| #define PACKAGE_TARNAME "sphinxtrain"
| #define PACKAGE_VERSION "1.0.8"
| #define PACKAGE_STRING "SphinxTrain 1.0.8"
| #define PACKAGE_BUGREPORT ""
| #define PACKAGE_URL ""
| #define STDC_HEADERS 1
| #define HAVE_SYS_TYPES_H 1
| #define HAVE_SYS_STAT_H 1
| #define HAVE_STDLIB_H 1
| #define HAVE_STRING_H 1
| #define HAVE_MEMORY_H 1
| #define HAVE_STRINGS_H 1
| #define HAVE_INTTYPES_H 1
| #define HAVE_STDINT_H 1
| #define HAVE_UNISTD_H 1
| #define HAVE_DLFCN_H 1
| #define LT_OBJDIR ".libs/"
| /* end confdefs.h.  */
| #include <sys/types.h>
| 		#include <sys/param.h>
| 
| int
| main ()
| {
| #if BYTE_ORDER != BIG_ENDIAN
| 		 not big endian
| 		#endif
| 
|   ;
|   return 0;
| }
configure:14589: result: no
configure:14608: checking for log in -lm
configure:14633: gcc -o conftest -g -O2   conftest.c -lm   >&5
conftest.c:28:6: warning: conflicting types for built-in function 'log' [enabled by default]
 char log ();
      ^
configure:14633: $? = 0
configure:14642: result: yes
configure:14653: checking for d_log in -lg2c
configure:14678: gcc -o conftest -g -O2   conftest.c -lg2c  -lm  >&5
/usr/bin/ld: cannot find -lg2c
collect2: error: ld returned 1 exit status
configure:14678: $? = 1
configure: failed program was:
| /* confdefs.h */
| #define PACKAGE_NAME "SphinxTrain"
| #define PACKAGE_TARNAME "sphinxtrain"
| #define PACKAGE_VERSION "1.0.8"
| #define PACKAGE_STRING "SphinxTrain 1.0.8"
| #define PACKAGE_BUGREPORT ""
| #define PACKAGE_URL ""
| #define STDC_HEADERS 1
| #define HAVE_SYS_TYPES_H 1
| #define HAVE_SYS_STAT_H 1
| #define HAVE_STDLIB_H 1
| #define HAVE_STRING_H 1
| #define HAVE_MEMORY_H 1
| #define HAVE_STRINGS_H 1
| #define HAVE_INTTYPES_H 1
| #define HAVE_STDINT_H 1
| #define HAVE_UNISTD_H 1
| #define HAVE_DLFCN_H 1
| #define LT_OBJDIR ".libs/"
| #define HAVE_LIBM 1
| /* end confdefs.h.  */
| 
| /* Override any GCC internal prototype to avoid an error.
|    Use char because int might match the return type of a GCC
|    builtin and then its argument prototype would still apply.  */
| #ifdef __cplusplus
| extern "C"
| #endif
| char d_log ();
| int
| main ()
| {
| return d_log ();
|   ;
|   return 0;
| }
configure:14687: result: no
configure:14703: checking for perl5
configure:14736: result: no
configure:14703: checking for perl
configure:14721: found /usr/bin/perl
configure:14733: result: /usr/bin/perl
configure:14793: checking for sphinxbase in /home/syf/work/PocketSphinx/sphinxtrain-1.0.8/../sphinxbase
configure:14801: result: no
configure:14793: checking for sphinxbase in /home/syf/work/PocketSphinx/sphinxtrain-1.0.8/../sphinxbase-0.8
configure:14797: result: yes
configure:15044: checking for /home/syf/work/PocketSphinx/sphinxtrain-1.0.8/../sphinxbase-0.8/include/sphinxbase/prim_type.h
configure:15058: result: yes
configure:15073: checking for /home/syf/work/PocketSphinx/sphinxtrain-1.0.8/../sphinxbase-0.8/src/libsphinxbase/libsphinxbase.la
configure:15087: result: yes
configure:15351: creating ./config.status

## ---------------------- ##
## Running config.status. ##
## ---------------------- ##

This file was extended by SphinxTrain config.status 1.0.8, which was
generated by GNU Autoconf 2.65.  Invocation command line was

  CONFIG_FILES    = 
  CONFIG_HEADERS  = 
  CONFIG_LINKS    = 
  CONFIG_COMMANDS = 
  $ ./config.status 

on syf-work

config.status:1099: creating Makefile
config.status:1099: creating etc/Makefile
config.status:1099: creating include/Makefile
config.status:1099: creating python/Makefile
config.status:1099: creating scripts/Makefile
config.status:1099: creating src/Makefile
config.status:1099: creating src/programs/Makefile
config.status:1099: creating src/libs/Makefile
config.status:1099: creating src/libs/libclust/Makefile
config.status:1099: creating src/libs/libcommon/Makefile
config.status:1099: creating src/libs/libio/Makefile
config.status:1099: creating src/libs/libmllr/Makefile
config.status:1099: creating src/libs/libmodinv/Makefile
config.status:1099: creating src/programs/agg_seg/Makefile
config.status:1099: creating src/programs/bldtree/Makefile
config.status:1099: creating src/programs/bw/Makefile
config.status:1099: creating src/programs/cdcn_norm/Makefile
config.status:1099: creating src/programs/cdcn_train/Makefile
config.status:1099: creating src/programs/cp_parm/Makefile
config.status:1099: creating src/programs/delint/Makefile
config.status:1099: creating src/programs/inc_comp/Makefile
config.status:1099: creating src/programs/init_gau/Makefile
config.status:1099: creating src/programs/init_mixw/Makefile
config.status:1099: creating src/programs/g2p_eval/Makefile
config.status:1099: creating src/programs/g2p_train/Makefile
config.status:1099: creating src/programs/kdtree/Makefile
config.status:1099: creating src/programs/kmeans_init/Makefile
config.status:1099: creating src/programs/make_quests/Makefile
config.status:1099: creating src/programs/map_adapt/Makefile
config.status:1099: creating src/programs/mixw_interp/Makefile
config.status:1099: creating src/programs/mk_flat/Makefile
config.status:1099: creating src/programs/mk_mdef_gen/Makefile
config.status:1099: creating src/programs/mk_mllr_class/Makefile
config.status:1099: creating src/programs/mk_s2sendump/Makefile
config.status:1099: creating src/programs/mk_ts2cb/Makefile
config.status:1099: creating src/programs/mllr_solve/Makefile
config.status:1099: creating src/programs/mllr_transform/Makefile
config.status:1099: creating src/programs/norm/Makefile
config.status:1099: creating src/programs/param_cnt/Makefile
config.status:1099: creating src/programs/printp/Makefile
config.status:1099: creating src/programs/prunetree/Makefile
config.status:1099: creating src/programs/tiestate/Makefile
config.status:1099: creating test/Makefile
config.status:1262: executing depfiles commands
config.status:1262: executing libtool commands

## ---------------- ##
## Cache variables. ##
## ---------------- ##

ac_cv_build=x86_64-unknown-linux-gnu
ac_cv_c_bigendian=no
ac_cv_c_compiler_gnu=yes
ac_cv_cxx_compiler_gnu=yes
ac_cv_env_CCC_set=
ac_cv_env_CCC_value=
ac_cv_env_CC_set=
ac_cv_env_CC_value=
ac_cv_env_CFLAGS_set=
ac_cv_env_CFLAGS_value=
ac_cv_env_CPPFLAGS_set=
ac_cv_env_CPPFLAGS_value=
ac_cv_env_CPP_set=
ac_cv_env_CPP_value=
ac_cv_env_CXXCPP_set=
ac_cv_env_CXXCPP_value=
ac_cv_env_CXXFLAGS_set=
ac_cv_env_CXXFLAGS_value=
ac_cv_env_CXX_set=
ac_cv_env_CXX_value=
ac_cv_env_LDFLAGS_set=
ac_cv_env_LDFLAGS_value=
ac_cv_env_LIBS_set=
ac_cv_env_LIBS_value=
ac_cv_env_PKG_CONFIG_set=
ac_cv_env_PKG_CONFIG_value=
ac_cv_env_SphinxBase_CFLAGS_set=
ac_cv_env_SphinxBase_CFLAGS_value=
ac_cv_env_SphinxBase_LIBS_set=
ac_cv_env_SphinxBase_LIBS_value=
ac_cv_env_build_alias_set=
ac_cv_env_build_alias_value=
ac_cv_env_host_alias_set=
ac_cv_env_host_alias_value=
ac_cv_env_target_alias_set=
ac_cv_env_target_alias_value=
ac_cv_file__home_syf_work_PocketSphinx_sphinxtrain_1_0_8____sphinxbase_0_8_include_sphinxbase_prim_type_h=yes
ac_cv_file__home_syf_work_PocketSphinx_sphinxtrain_1_0_8____sphinxbase_0_8_src_libsphinxbase_libsphinxbase_la=yes
ac_cv_header_dlfcn_h=yes
ac_cv_header_inttypes_h=yes
ac_cv_header_memory_h=yes
ac_cv_header_stdc=yes
ac_cv_header_stdint_h=yes
ac_cv_header_stdlib_h=yes
ac_cv_header_string_h=yes
ac_cv_header_strings_h=yes
ac_cv_header_sys_stat_h=yes
ac_cv_header_sys_types_h=yes
ac_cv_header_unistd_h=yes
ac_cv_host=x86_64-unknown-linux-gnu
ac_cv_lib_g2c_d_log=no
ac_cv_lib_m_log=yes
ac_cv_objext=o
ac_cv_path_EGREP='/bin/grep -E'
ac_cv_path_FGREP='/bin/grep -F'
ac_cv_path_GREP=/bin/grep
ac_cv_path_PERL=/usr/bin/perl
ac_cv_path_SED=/bin/sed
ac_cv_path_install='/usr/bin/install -c'
ac_cv_path_mkdir=/bin/mkdir
ac_cv_prog_AWK=mawk
ac_cv_prog_CPP='gcc -E'
ac_cv_prog_CXXCPP='g++ -E'
ac_cv_prog_ac_ct_AR=ar
ac_cv_prog_ac_ct_CC=gcc
ac_cv_prog_ac_ct_CXX=g++
ac_cv_prog_ac_ct_OBJDUMP=objdump
ac_cv_prog_ac_ct_RANLIB=ranlib
ac_cv_prog_ac_ct_STRIP=strip
ac_cv_prog_cc_c89=
ac_cv_prog_cc_g=yes
ac_cv_prog_cxx_g=yes
ac_cv_prog_make_make_set=yes
am_cv_CC_dependencies_compiler_type=gcc3
am_cv_CXX_dependencies_compiler_type=gcc3
lt_cv_deplibs_check_method=pass_all
lt_cv_file_magic_cmd='$MAGIC_CMD'
lt_cv_file_magic_test_file=
lt_cv_ld_reload_flag=-r
lt_cv_nm_interface='BSD nm'
lt_cv_objdir=.libs
lt_cv_path_LD=/usr/bin/ld
lt_cv_path_LDCXX='/usr/bin/ld -m elf_x86_64'
lt_cv_path_NM='/usr/bin/nm -B'
lt_cv_prog_compiler_c_o=yes
lt_cv_prog_compiler_c_o_CXX=yes
lt_cv_prog_compiler_pic_works=yes
lt_cv_prog_compiler_pic_works_CXX=yes
lt_cv_prog_compiler_rtti_exceptions=no
lt_cv_prog_compiler_static_works=yes
lt_cv_prog_compiler_static_works_CXX=yes
lt_cv_prog_gnu_ld=yes
lt_cv_prog_gnu_ldcxx=yes
lt_cv_sys_global_symbol_pipe='sed -n -e '\''s/^.*[	 ]\([ABCDGIRSTW][ABCDGIRSTW]*\)[	 ][	 ]*\([_A-Za-z][_A-Za-z0-9]*\)$/\1 \2 \2/p'\'''
lt_cv_sys_global_symbol_to_c_name_address='sed -n -e '\''s/^: \([^ ]*\) $/  {\"\1\", (void *) 0},/p'\'' -e '\''s/^[ABCDGIRSTW]* \([^ ]*\) \([^ ]*\)$/  {"\2", (void *) \&\2},/p'\'''
lt_cv_sys_global_symbol_to_c_name_address_lib_prefix='sed -n -e '\''s/^: \([^ ]*\) $/  {\"\1\", (void *) 0},/p'\'' -e '\''s/^[ABCDGIRSTW]* \([^ ]*\) \(lib[^ ]*\)$/  {"\2", (void *) \&\2},/p'\'' -e '\''s/^[ABCDGIRSTW]* \([^ ]*\) \([^ ]*\)$/  {"lib\2", (void *) \&\2},/p'\'''
lt_cv_sys_global_symbol_to_cdecl='sed -n -e '\''s/^T .* \(.*\)$/extern int \1();/p'\'' -e '\''s/^[ABCDGIRSTW]* .* \(.*\)$/extern char \1;/p'\'''
lt_cv_sys_max_cmd_len=1572864

## ----------------- ##
## Output variables. ##
## ----------------- ##

ACLOCAL='${SHELL} /home/syf/work/PocketSphinx/sphinxtrain-1.0.8/missing --run aclocal-1.11'
AMDEPBACKSLASH='\'
AMDEP_FALSE='#'
AMDEP_TRUE=''
AMTAR='${SHELL} /home/syf/work/PocketSphinx/sphinxtrain-1.0.8/missing --run tar'
AR='ar'
AUTOCONF='${SHELL} /home/syf/work/PocketSphinx/sphinxtrain-1.0.8/missing --run autoconf'
AUTOHEADER='${SHELL} /home/syf/work/PocketSphinx/sphinxtrain-1.0.8/missing --run autoheader'
AUTOMAKE='${SHELL} /home/syf/work/PocketSphinx/sphinxtrain-1.0.8/missing --run automake-1.11'
AWK='mawk'
CC='gcc'
CCDEPMODE='depmode=gcc3'
CFLAGS='-g -O2 -fPIC -DPIC'
CPP='gcc -E'
CPPFLAGS='-I/home/syf/work/PocketSphinx/sphinxtrain-1.0.8/../sphinxbase-0.8/include -I/home/syf/work/PocketSphinx/sphinxtrain-1.0.8/../sphinxbase-0.8/include '
CXX='g++'
CXXCPP='g++ -E'
CXXDEPMODE='depmode=gcc3'
CXXFLAGS='-g -O2'
CYGPATH_W='echo'
DEFS='-DPACKAGE_NAME=\"SphinxTrain\" -DPACKAGE_TARNAME=\"sphinxtrain\" -DPACKAGE_VERSION=\"1.0.8\" -DPACKAGE_STRING=\"SphinxTrain\ 1.0.8\" -DPACKAGE_BUGREPORT=\"\" -DPACKAGE_URL=\"\" -DSTDC_HEADERS=1 -DHAVE_SYS_TYPES_H=1 -DHAVE_SYS_STAT_H=1 -DHAVE_STDLIB_H=1 -DHAVE_STRING_H=1 -DHAVE_MEMORY_H=1 -DHAVE_STRINGS_H=1 -DHAVE_INTTYPES_H=1 -DHAVE_STDINT_H=1 -DHAVE_UNISTD_H=1 -DHAVE_DLFCN_H=1 -DLT_OBJDIR=\".libs/\" -DHAVE_LIBM=1'
DEPDIR='.deps'
DSYMUTIL=''
DUMPBIN=''
ECHO_C=''
ECHO_N='-n'
ECHO_T=''
EGREP='/bin/grep -E'
EXEEXT=''
FGREP='/bin/grep -F'
G2P_DECODER_FALSE=''
G2P_DECODER_TRUE='#'
GREP='/bin/grep'
INSTALL_DATA='${INSTALL} -m 644'
INSTALL_PROGRAM='${INSTALL}'
INSTALL_SCRIPT='${INSTALL}'
INSTALL_STRIP_PROGRAM='$(install_sh) -c -s'
LD='/usr/bin/ld -m elf_x86_64'
LDFLAGS=' -L/home/syf/work/PocketSphinx/sphinxtrain-1.0.8/../sphinxbase-0.8/src/libsphinxad 		  -L/home/syf/work/PocketSphinx/sphinxtrain-1.0.8/../sphinxbase-0.8/src/libsphinxbase 		  -L/home/syf/work/PocketSphinx/sphinxtrain-1.0.8/../sphinxbase-0.8/src/libsphinxbase/.libs'
LIBOBJS=''
LIBS='-lm  -lsphinxbase'
LIBTOOL='$(SHELL) $(top_builddir)/libtool'
LIPO=''
LN_S='ln -s'
LTLIBOBJS=''
MAKEINFO='${SHELL} /home/syf/work/PocketSphinx/sphinxtrain-1.0.8/missing --run makeinfo'
MKDIR_P='/bin/mkdir -p'
NM='/usr/bin/nm -B'
NMEDIT=''
OBJDUMP='objdump'
OBJEXT='o'
OPENFST_CFLAGS=''
OPENFST_LIBS=''
OTOOL64=''
OTOOL=''
PACKAGE='sphinxtrain'
PACKAGE_BUGREPORT=''
PACKAGE_NAME='SphinxTrain'
PACKAGE_STRING='SphinxTrain 1.0.8'
PACKAGE_TARNAME='sphinxtrain'
PACKAGE_URL=''
PACKAGE_VERSION='1.0.8'
PATH_SEPARATOR=':'
PERL='/usr/bin/perl'
PKG_CONFIG=''
RANLIB='ranlib'
SED='/bin/sed'
SET_MAKE=''
SHELL='/bin/bash'
STRIP='strip'
SphinxBase_CFLAGS=''
SphinxBase_LIBS=''
VERSION='1.0.8'
ac_ct_CC='gcc'
ac_ct_CXX='g++'
ac_ct_DUMPBIN=''
am__EXEEXT_FALSE=''
am__EXEEXT_TRUE='#'
am__fastdepCC_FALSE='#'
am__fastdepCC_TRUE=''
am__fastdepCXX_FALSE='#'
am__fastdepCXX_TRUE=''
am__include='include'
am__isrc=''
am__leading_dot='.'
am__quote=''
am__tar='${AMTAR} chof - "$$tardir"'
am__untar='${AMTAR} xf -'
bindir='${exec_prefix}/bin'
build='x86_64-unknown-linux-gnu'
build_alias=''
build_cpu='x86_64'
build_os='linux-gnu'
build_vendor='unknown'
datadir='${datarootdir}'
datarootdir='${prefix}/share'
docdir='${datarootdir}/doc/${PACKAGE_TARNAME}'
dvidir='${docdir}'
exec_prefix='${prefix}'
host='x86_64-unknown-linux-gnu'
host_alias=''
host_cpu='x86_64'
host_os='linux-gnu'
host_vendor='unknown'
htmldir='${docdir}'
includedir='${prefix}/include'
infodir='${datarootdir}/info'
install_sh='${SHELL} /home/syf/work/PocketSphinx/sphinxtrain-1.0.8/install-sh'
libdir='${exec_prefix}/lib'
libexecdir='${exec_prefix}/libexec'
localedir='${datarootdir}/locale'
localstatedir='${prefix}/var'
lt_ECHO='echo'
mandir='${datarootdir}/man'
mkdir_p='/bin/mkdir -p'
oldincludedir='/usr/include'
pdfdir='${docdir}'
prefix='/usr/local'
program_transform_name='s,x,x,'
psdir='${docdir}'
sbindir='${exec_prefix}/sbin'
sharedstatedir='${prefix}/com'
sphinxbase='/home/syf/work/PocketSphinx/sphinxtrain-1.0.8/../sphinxbase-0.8'
sphinxbasebuild='/home/syf/work/PocketSphinx/sphinxtrain-1.0.8/../sphinxbase-0.8'
sysconfdir='${prefix}/etc'
target_alias=''

## ----------- ##
## confdefs.h. ##
## ----------- ##

/* confdefs.h */
#define PACKAGE_NAME "SphinxTrain"
#define PACKAGE_TARNAME "sphinxtrain"
#define PACKAGE_VERSION "1.0.8"
#define PACKAGE_STRING "SphinxTrain 1.0.8"
#define PACKAGE_BUGREPORT ""
#define PACKAGE_URL ""
#define STDC_HEADERS 1
#define HAVE_SYS_TYPES_H 1
#define HAVE_SYS_STAT_H 1
#define HAVE_STDLIB_H 1
#define HAVE_STRING_H 1
#define HAVE_MEMORY_H 1
#define HAVE_STRINGS_H 1
#define HAVE_INTTYPES_H 1
#define HAVE_STDINT_H 1
#define HAVE_UNISTD_H 1
#define HAVE_DLFCN_H 1
#define LT_OBJDIR ".libs/"
#define HAVE_LIBM 1

configure: exit 0
