This file contains any messages produced by compilers while
running configure, to aid debugging if configure makes a mistake.

It was created by cmuclmtk configure 0.7, which was
generated by GNU Autoconf 2.65.  Invocation command line was

  $ ./configure 

## --------- ##
## Platform. ##
## --------- ##

hostname = syf-work
uname -m = x86_64
uname -r = 4.19.2
uname -s = Linux
uname -v = #2 SMP Mon Dec 3 17:15:58 CST 2018

/usr/bin/uname -p = unknown
/bin/uname -X     = unknown

/bin/arch              = unknown
/usr/bin/arch -k       = unknown
/usr/convex/getsysinfo = unknown
/usr/bin/hostinfo      = unknown
/bin/machine           = unknown
/usr/bin/oslevel       = unknown
/bin/universe          = unknown

PATH: /usr/local/openssl/bin
PATH: /usr/local/sbin
PATH: /usr/local/bin
PATH: /usr/sbin
PATH: /usr/bin
PATH: /sbin
PATH: /bin
PATH: /usr/games
PATH: /usr/local/games
PATH: /home/syf/bin
PATH: /home/syf/work/kaldi/tools/srilm-1.7.2/bin/


## ----------- ##
## Core tests. ##
## ----------- ##

configure:2344: checking for a BSD-compatible install
configure:2412: result: /usr/bin/install -c
configure:2423: checking whether build environment is sane
configure:2473: result: yes
configure:2614: checking for a thread-safe mkdir -p
configure:2653: result: /bin/mkdir -p
configure:2666: checking for gawk
configure:2696: result: no
configure:2666: checking for mawk
configure:2682: found /usr/bin/mawk
configure:2693: result: mawk
configure:2704: checking whether make sets $(MAKE)
configure:2726: result: yes
configure:2838: checking build system type
configure:2852: result: x86_64-unknown-linux-gnu
configure:2872: checking host system type
configure:2885: result: x86_64-unknown-linux-gnu
configure:2917: checking for style of include used by make
configure:2945: result: GNU
configure:3015: checking for gcc
configure:3031: found /usr/bin/gcc
configure:3042: result: gcc
configure:3271: checking for C compiler version
configure:3280: gcc --version >&5
gcc (Ubuntu 4.8.5-4ubuntu8) 4.8.5
Copyright (C) 2015 Free Software Foundation, Inc.
This is free software; see the source for copying conditions.  There is NO
warranty; not even for MERCHANTABILITY or FITNESS FOR A PARTICULAR PURPOSE.

configure:3291: $? = 0
configure:3280: gcc -v >&5
Using built-in specs.
COLLECT_GCC=gcc
COLLECT_LTO_WRAPPER=/usr/lib/gcc/x86_64-linux-gnu/4.8/lto-wrapper
Target: x86_64-linux-gnu
Configured with: ../src/configure -v --with-pkgversion='Ubuntu 4.8.5-4ubuntu8' --with-bugurl=file:///usr/share/doc/gcc-4.8/README.Bugs --enable-languages=c,c++,go,d,fortran,objc,obj-c++ --prefix=/usr --program-suffix=-4.8 --enable-shared --enable-linker-build-id --libexecdir=/usr/lib --without-included-gettext --enable-threads=posix --with-gxx-include-dir=/usr/include/c++/4.8 --libdir=/usr/lib --enable-nls --with-sysroot=/ --enable-clocale=gnu --enable-libstdcxx-debug --enable-libstdcxx-time=yes --enable-gnu-unique-object --disable-libmudflap --enable-plugin --with-system-zlib --enable-objc-gc --enable-multiarch --disable-werror --with-arch-32=i686 --with-abi=m64 --with-multilib-list=m32,m64,mx32 --with-tune=generic --enable-checking=release --build=x86_64-linux-gnu --host=x86_64-linux-gnu --target=x86_64-linux-gnu
Thread model: posix
gcc version 4.8.5 (Ubuntu 4.8.5-4ubuntu8) 
configure:3291: $? = 0
configure:3280: gcc -V >&5
gcc: error: unrecognized command line option '-V'
gcc: fatal error: no input files
compilation terminated.
configure:3291: $? = 4
configure:3280: gcc -qversion >&5
gcc: error: unrecognized command line option '-qversion'
gcc: fatal error: no input files
compilation terminated.
configure:3291: $? = 4
configure:3311: checking whether the C compiler works
configure:3333: gcc    conftest.c  >&5
configure:3337: $? = 0
configure:3386: result: yes
configure:3389: checking for C compiler default output file name
configure:3391: result: a.out
configure:3397: checking for suffix of executables
configure:3404: gcc -o conftest    conftest.c  >&5
configure:3408: $? = 0
configure:3430: result: 
configure:3452: checking whether we are cross compiling
configure:3460: gcc -o conftest    conftest.c  >&5
configure:3464: $? = 0
configure:3471: ./conftest
configure:3475: $? = 0
configure:3490: result: no
configure:3495: checking for suffix of object files
configure:3517: gcc -c   conftest.c >&5
configure:3521: $? = 0
configure:3542: result: o
configure:3546: checking whether we are using the GNU C compiler
configure:3565: gcc -c   conftest.c >&5
configure:3565: $? = 0
configure:3574: result: yes
configure:3583: checking whether gcc accepts -g
configure:3603: gcc -c -g  conftest.c >&5
configure:3603: $? = 0
configure:3644: result: yes
configure:3661: checking for gcc option to accept ISO C89
configure:3725: gcc  -c -g -O2  conftest.c >&5
configure:3725: $? = 0
configure:3738: result: none needed
configure:3760: checking dependency style of gcc
configure:3870: result: gcc3
configure:3885: checking for a sed that does not truncate output
configure:3949: result: /bin/sed
configure:3967: checking for grep that handles long lines and -e
configure:4025: result: /bin/grep
configure:4030: checking for egrep
configure:4092: result: /bin/grep -E
configure:4097: checking for fgrep
configure:4159: result: /bin/grep -F
configure:4194: checking for ld used by gcc
configure:4261: result: /usr/bin/ld
configure:4268: checking if the linker (/usr/bin/ld) is GNU ld
configure:4283: result: yes
configure:4295: checking for BSD- or MS-compatible name lister (nm)
configure:4344: result: /usr/bin/nm -B
configure:4462: checking the name lister (/usr/bin/nm -B) interface
configure:4469: gcc -c -g -O2  conftest.c >&5
configure:4472: /usr/bin/nm -B "conftest.o"
configure:4475: output
0000000000000000 B some_variable
configure:4482: result: BSD nm
configure:4485: checking whether ln -s works
configure:4489: result: yes
configure:4497: checking the maximum length of command line arguments
configure:4617: result: 1572864
configure:4634: checking whether the shell understands some XSI constructs
configure:4644: result: yes
configure:4648: checking whether the shell understands "+="
configure:4654: result: yes
configure:4689: checking for /usr/bin/ld option to reload object files
configure:4696: result: -r
configure:4765: checking for objdump
configure:4781: found /usr/bin/objdump
configure:4792: result: objdump
configure:4824: checking how to recognize dependent libraries
configure:5020: result: pass_all
configure:5080: checking for ar
configure:5096: found /usr/bin/ar
configure:5107: result: ar
configure:5185: checking for strip
configure:5201: found /usr/bin/strip
configure:5212: result: strip
configure:5284: checking for ranlib
configure:5300: found /usr/bin/ranlib
configure:5311: result: ranlib
configure:5401: checking command to parse /usr/bin/nm -B output from gcc object
configure:5519: gcc -c -g -O2  conftest.c >&5
configure:5522: $? = 0
configure:5526: /usr/bin/nm -B conftest.o \| sed -n -e 's/^.*[	 ]\([ABCDGIRSTW][ABCDGIRSTW]*\)[	 ][	 ]*\([_A-Za-z][_A-Za-z0-9]*\)$/\1 \2 \2/p' \> conftest.nm
configure:5529: $? = 0
configure:5583: gcc -o conftest -g -O2   conftest.c conftstm.o >&5
configure:5586: $? = 0
configure:5624: result: ok
configure:5720: gcc -c -g -O2  conftest.c >&5
configure:5723: $? = 0
configure:6433: checking how to run the C preprocessor
configure:6464: gcc -E  conftest.c
configure:6464: $? = 0
configure:6478: gcc -E  conftest.c
conftest.c:11:28: fatal error: ac_nonexistent.h: No such file or directory
 #include <ac_nonexistent.h>
                            ^
compilation terminated.
configure:6478: $? = 1
configure: failed program was:
| /* confdefs.h */
| #define PACKAGE_NAME "cmuclmtk"
| #define PACKAGE_TARNAME "cmuclmtk"
| #define PACKAGE_VERSION "0.7"
| #define PACKAGE_STRING "cmuclmtk 0.7"
| #define PACKAGE_BUGREPORT "air+logios@cs.cmu.edu"
| #define PACKAGE_URL ""
| #define PACKAGE "cmuclmtk"
| #define VERSION "0.7"
| /* end confdefs.h.  */
| #include <ac_nonexistent.h>
configure:6503: result: gcc -E
configure:6523: gcc -E  conftest.c
configure:6523: $? = 0
configure:6537: gcc -E  conftest.c
conftest.c:11:28: fatal error: ac_nonexistent.h: No such file or directory
 #include <ac_nonexistent.h>
                            ^
compilation terminated.
configure:6537: $? = 1
configure: failed program was:
| /* confdefs.h */
| #define PACKAGE_NAME "cmuclmtk"
| #define PACKAGE_TARNAME "cmuclmtk"
| #define PACKAGE_VERSION "0.7"
| #define PACKAGE_STRING "cmuclmtk 0.7"
| #define PACKAGE_BUGREPORT "air+logios@cs.cmu.edu"
| #define PACKAGE_URL ""
| #define PACKAGE "cmuclmtk"
| #define VERSION "0.7"
| /* end confdefs.h.  */
| #include <ac_nonexistent.h>
configure:6566: checking for ANSI C header files
configure:6586: gcc -c -g -O2  conftest.c >&5
configure:6586: $? = 0
configure:6659: gcc -o conftest -g -O2   conftest.c  >&5
configure:6659: $? = 0
configure:6659: ./conftest
configure:6659: $? = 0
configure:6670: result: yes
configure:6683: checking for sys/types.h
configure:6683: gcc -c -g -O2  conftest.c >&5
configure:6683: $? = 0
configure:6683: result: yes
configure:6683: checking for sys/stat.h
configure:6683: gcc -c -g -O2  conftest.c >&5
configure:6683: $? = 0
configure:6683: result: yes
configure:6683: checking for stdlib.h
configure:6683: gcc -c -g -O2  conftest.c >&5
configure:6683: $? = 0
configure:6683: result: yes
configure:6683: checking for string.h
configure:6683: gcc -c -g -O2  conftest.c >&5
configure:6683: $? = 0
configure:6683: result: yes
configure:6683: checking for memory.h
configure:6683: gcc -c -g -O2  conftest.c >&5
configure:6683: $? = 0
configure:6683: result: yes
configure:6683: checking for strings.h
configure:6683: gcc -c -g -O2  conftest.c >&5
configure:6683: $? = 0
configure:6683: result: yes
configure:6683: checking for inttypes.h
configure:6683: gcc -c -g -O2  conftest.c >&5
configure:6683: $? = 0
configure:6683: result: yes
configure:6683: checking for stdint.h
configure:6683: gcc -c -g -O2  conftest.c >&5
configure:6683: $? = 0
configure:6683: result: yes
configure:6683: checking for unistd.h
configure:6683: gcc -c -g -O2  conftest.c >&5
configure:6683: $? = 0
configure:6683: result: yes
configure:6698: checking for dlfcn.h
configure:6698: gcc -c -g -O2  conftest.c >&5
configure:6698: $? = 0
configure:6698: result: yes
configure:6882: checking for objdir
configure:6897: result: .libs
configure:7189: checking if gcc supports -fno-rtti -fno-exceptions
configure:7207: gcc -c -g -O2  -fno-rtti -fno-exceptions conftest.c >&5
cc1: warning: command line option '-fno-rtti' is valid for C++/ObjC++ but not for C [enabled by default]
configure:7211: $? = 0
configure:7224: result: no
configure:7244: checking for gcc option to produce PIC
configure:7516: result: -fPIC -DPIC
configure:7528: checking if gcc PIC flag -fPIC -DPIC works
configure:7546: gcc -c -g -O2  -fPIC -DPIC -DPIC conftest.c >&5
configure:7550: $? = 0
configure:7563: result: yes
configure:7587: checking if gcc static flag -static works
configure:7615: result: yes
configure:7630: checking if gcc supports -c -o file.o
configure:7651: gcc -c -g -O2  -o out/conftest2.o conftest.c >&5
configure:7655: $? = 0
configure:7677: result: yes
configure:7685: checking if gcc supports -c -o file.o
configure:7732: result: yes
configure:7765: checking whether the gcc linker (/usr/bin/ld -m elf_x86_64) supports shared libraries
configure:8751: result: yes
configure:8788: checking whether -lc should be explicitly linked in
configure:8793: gcc -c -g -O2  conftest.c >&5
configure:8796: $? = 0
configure:8811: gcc -shared conftest.o  -v -Wl,-soname -Wl,conftest -o conftest 2\>\&1 \| /bin/grep  -lc  \>/dev/null 2\>\&1
configure:8814: $? = 0
configure:8826: result: no
configure:8990: checking dynamic linker characteristics
configure:9423: gcc -o conftest -g -O2   -Wl,-rpath -Wl,/foo conftest.c  >&5
configure:9423: $? = 0
configure:9644: result: GNU/Linux ld.so
configure:9746: checking how to hardcode library paths into programs
configure:9771: result: immediate
configure:10291: checking whether stripping libraries is possible
configure:10296: result: yes
configure:10331: checking if libtool supports shared libraries
configure:10333: result: yes
configure:10336: checking whether to build shared libraries
configure:10357: result: yes
configure:10360: checking whether to build static libraries
configure:10364: result: yes
configure:10457: checking for gcc
configure:10484: result: gcc
configure:10713: checking for C compiler version
configure:10722: gcc --version >&5
gcc (Ubuntu 4.8.5-4ubuntu8) 4.8.5
Copyright (C) 2015 Free Software Foundation, Inc.
This is free software; see the source for copying conditions.  There is NO
warranty; not even for MERCHANTABILITY or FITNESS FOR A PARTICULAR PURPOSE.

configure:10733: $? = 0
configure:10722: gcc -v >&5
Using built-in specs.
COLLECT_GCC=gcc
COLLECT_LTO_WRAPPER=/usr/lib/gcc/x86_64-linux-gnu/4.8/lto-wrapper
Target: x86_64-linux-gnu
Configured with: ../src/configure -v --with-pkgversion='Ubuntu 4.8.5-4ubuntu8' --with-bugurl=file:///usr/share/doc/gcc-4.8/README.Bugs --enable-languages=c,c++,go,d,fortran,objc,obj-c++ --prefix=/usr --program-suffix=-4.8 --enable-shared --enable-linker-build-id --libexecdir=/usr/lib --without-included-gettext --enable-threads=posix --with-gxx-include-dir=/usr/include/c++/4.8 --libdir=/usr/lib --enable-nls --with-sysroot=/ --enable-clocale=gnu --enable-libstdcxx-debug --enable-libstdcxx-time=yes --enable-gnu-unique-object --disable-libmudflap --enable-plugin --with-system-zlib --enable-objc-gc --enable-multiarch --disable-werror --with-arch-32=i686 --with-abi=m64 --with-multilib-list=m32,m64,mx32 --with-tune=generic --enable-checking=release --build=x86_64-linux-gnu --host=x86_64-linux-gnu --target=x86_64-linux-gnu
Thread model: posix
gcc version 4.8.5 (Ubuntu 4.8.5-4ubuntu8) 
configure:10733: $? = 0
configure:10722: gcc -V >&5
gcc: error: unrecognized command line option '-V'
gcc: fatal error: no input files
compilation terminated.
configure:10733: $? = 4
configure:10722: gcc -qversion >&5
gcc: error: unrecognized command line option '-qversion'
gcc: fatal error: no input files
compilation terminated.
configure:10733: $? = 4
configure:10737: checking whether we are using the GNU C compiler
configure:10765: result: yes
configure:10774: checking whether gcc accepts -g
configure:10835: result: yes
configure:10852: checking for gcc option to accept ISO C89
configure:10929: result: none needed
configure:10951: checking dependency style of gcc
configure:11061: result: gcc3
configure:11121: checking for ar
configure:11148: result: ar
configure:11170: checking whether byte ordering is bigendian
configure:11185: gcc -c -g -O2  conftest.c >&5
conftest.c:24:9: error: unknown type name 'not'
         not a universal capable compiler
         ^
conftest.c:24:15: error: expected '=', ',', ';', 'asm' or '__attribute__' before 'universal'
         not a universal capable compiler
               ^
conftest.c:24:15: error: unknown type name 'universal'
configure:11185: $? = 1
configure: failed program was:
| /* confdefs.h */
| #define PACKAGE_NAME "cmuclmtk"
| #define PACKAGE_TARNAME "cmuclmtk"
| #define PACKAGE_VERSION "0.7"
| #define PACKAGE_STRING "cmuclmtk 0.7"
| #define PACKAGE_BUGREPORT "air+logios@cs.cmu.edu"
| #define PACKAGE_URL ""
| #define PACKAGE "cmuclmtk"
| #define VERSION "0.7"
| #define STDC_HEADERS 1
| #define HAVE_SYS_TYPES_H 1
| #define HAVE_SYS_STAT_H 1
| #define HAVE_STDLIB_H 1
| #define HAVE_STRING_H 1
| #define HAVE_MEMORY_H 1
| #define HAVE_STRINGS_H 1
| #define HAVE_INTTYPES_H 1
| #define HAVE_STDINT_H 1
| #define HAVE_UNISTD_H 1
| #define HAVE_DLFCN_H 1
| #define LT_OBJDIR ".libs/"
| /* end confdefs.h.  */
| #ifndef __APPLE_CC__
| 	       not a universal capable compiler
| 	     #endif
| 	     typedef int dummy;
| 
configure:11230: gcc -c -g -O2  conftest.c >&5
configure:11230: $? = 0
configure:11248: gcc -c -g -O2  conftest.c >&5
conftest.c: In function 'main':
conftest.c:30:4: error: unknown type name 'not'
    not big endian
    ^
conftest.c:30:12: error: expected '=', ',', ';', 'asm' or '__attribute__' before 'endian'
    not big endian
            ^
configure:11248: $? = 1
configure: failed program was:
| /* confdefs.h */
| #define PACKAGE_NAME "cmuclmtk"
| #define PACKAGE_TARNAME "cmuclmtk"
| #define PACKAGE_VERSION "0.7"
| #define PACKAGE_STRING "cmuclmtk 0.7"
| #define PACKAGE_BUGREPORT "air+logios@cs.cmu.edu"
| #define PACKAGE_URL ""
| #define PACKAGE "cmuclmtk"
| #define VERSION "0.7"
| #define STDC_HEADERS 1
| #define HAVE_SYS_TYPES_H 1
| #define HAVE_SYS_STAT_H 1
| #define HAVE_STDLIB_H 1
| #define HAVE_STRING_H 1
| #define HAVE_MEMORY_H 1
| #define HAVE_STRINGS_H 1
| #define HAVE_INTTYPES_H 1
| #define HAVE_STDINT_H 1
| #define HAVE_UNISTD_H 1
| #define HAVE_DLFCN_H 1
| #define LT_OBJDIR ".libs/"
| /* end confdefs.h.  */
| #include <sys/types.h>
| 		#include <sys/param.h>
| 
| int
| main ()
| {
| #if BYTE_ORDER != BIG_ENDIAN
| 		 not big endian
| 		#endif
| 
|   ;
|   return 0;
| }
configure:11376: result: no
configure:11394: checking for log in -lm
configure:11419: gcc -o conftest -g -O2   conftest.c -lm   >&5
conftest.c:30:6: warning: conflicting types for built-in function 'log' [enabled by default]
 char log ();
      ^
configure:11419: $? = 0
configure:11428: result: yes
configure:11441: checking for ANSI C header files
configure:11545: result: yes
configure:11556: checking for stdlib.h
configure:11556: result: yes
configure:11556: checking for strings.h
configure:11556: result: yes
configure:11556: checking sys/time.h usability
configure:11556: gcc -c -g -O2  conftest.c >&5
configure:11556: $? = 0
configure:11556: result: yes
configure:11556: checking sys/time.h presence
configure:11556: gcc -E  conftest.c
configure:11556: $? = 0
configure:11556: result: yes
configure:11556: checking for sys/time.h
configure:11556: result: yes
configure:11694: creating ./config.status

## ---------------------- ##
## Running config.status. ##
## ---------------------- ##

This file was extended by cmuclmtk config.status 0.7, which was
generated by GNU Autoconf 2.65.  Invocation command line was

  CONFIG_FILES    = 
  CONFIG_HEADERS  = 
  CONFIG_LINKS    = 
  CONFIG_COMMANDS = 
  $ ./config.status 

on syf-work

config.status:1072: creating Makefile
config.status:1072: creating src/Makefile
config.status:1072: creating test/Makefile
config.status:1072: creating src/liblmest/Makefile
config.status:1072: creating src/libs/Makefile
config.status:1072: creating src/programs/Makefile
config.status:1072: creating config.h
config.status:1292: executing depfiles commands
config.status:1292: executing libtool commands

## ---------------- ##
## Cache variables. ##
## ---------------- ##

ac_cv_build=x86_64-unknown-linux-gnu
ac_cv_c_bigendian=no
ac_cv_c_compiler_gnu=yes
ac_cv_env_CC_set=
ac_cv_env_CC_value=
ac_cv_env_CFLAGS_set=
ac_cv_env_CFLAGS_value=
ac_cv_env_CPPFLAGS_set=
ac_cv_env_CPPFLAGS_value=
ac_cv_env_CPP_set=
ac_cv_env_CPP_value=
ac_cv_env_LDFLAGS_set=
ac_cv_env_LDFLAGS_value=
ac_cv_env_LIBS_set=
ac_cv_env_LIBS_value=
ac_cv_env_build_alias_set=
ac_cv_env_build_alias_value=
ac_cv_env_host_alias_set=
ac_cv_env_host_alias_value=
ac_cv_env_target_alias_set=
ac_cv_env_target_alias_value=
ac_cv_header_dlfcn_h=yes
ac_cv_header_inttypes_h=yes
ac_cv_header_memory_h=yes
ac_cv_header_stdc=yes
ac_cv_header_stdint_h=yes
ac_cv_header_stdlib_h=yes
ac_cv_header_string_h=yes
ac_cv_header_strings_h=yes
ac_cv_header_sys_stat_h=yes
ac_cv_header_sys_time_h=yes
ac_cv_header_sys_types_h=yes
ac_cv_header_unistd_h=yes
ac_cv_host=x86_64-unknown-linux-gnu
ac_cv_lib_m_log=yes
ac_cv_objext=o
ac_cv_path_EGREP='/bin/grep -E'
ac_cv_path_FGREP='/bin/grep -F'
ac_cv_path_GREP=/bin/grep
ac_cv_path_SED=/bin/sed
ac_cv_path_install='/usr/bin/install -c'
ac_cv_path_mkdir=/bin/mkdir
ac_cv_prog_AWK=mawk
ac_cv_prog_CPP='gcc -E'
ac_cv_prog_ac_ct_AR=ar
ac_cv_prog_ac_ct_CC=gcc
ac_cv_prog_ac_ct_OBJDUMP=objdump
ac_cv_prog_ac_ct_RANLIB=ranlib
ac_cv_prog_ac_ct_STRIP=strip
ac_cv_prog_cc_c89=
ac_cv_prog_cc_g=yes
ac_cv_prog_make_make_set=yes
am_cv_CC_dependencies_compiler_type=gcc3
lt_cv_deplibs_check_method=pass_all
lt_cv_file_magic_cmd='$MAGIC_CMD'
lt_cv_file_magic_test_file=
lt_cv_ld_reload_flag=-r
lt_cv_nm_interface='BSD nm'
lt_cv_objdir=.libs
lt_cv_path_LD=/usr/bin/ld
lt_cv_path_NM='/usr/bin/nm -B'
lt_cv_prog_compiler_c_o=yes
lt_cv_prog_compiler_pic_works=yes
lt_cv_prog_compiler_rtti_exceptions=no
lt_cv_prog_compiler_static_works=yes
lt_cv_prog_gnu_ld=yes
lt_cv_sys_global_symbol_pipe='sed -n -e '\''s/^.*[	 ]\([ABCDGIRSTW][ABCDGIRSTW]*\)[	 ][	 ]*\([_A-Za-z][_A-Za-z0-9]*\)$/\1 \2 \2/p'\'''
lt_cv_sys_global_symbol_to_c_name_address='sed -n -e '\''s/^: \([^ ]*\) $/  {\"\1\", (void *) 0},/p'\'' -e '\''s/^[ABCDGIRSTW]* \([^ ]*\) \([^ ]*\)$/  {"\2", (void *) \&\2},/p'\'''
lt_cv_sys_global_symbol_to_c_name_address_lib_prefix='sed -n -e '\''s/^: \([^ ]*\) $/  {\"\1\", (void *) 0},/p'\'' -e '\''s/^[ABCDGIRSTW]* \([^ ]*\) \(lib[^ ]*\)$/  {"\2", (void *) \&\2},/p'\'' -e '\''s/^[ABCDGIRSTW]* \([^ ]*\) \([^ ]*\)$/  {"lib\2", (void *) \&\2},/p'\'''
lt_cv_sys_global_symbol_to_cdecl='sed -n -e '\''s/^T .* \(.*\)$/extern int \1();/p'\'' -e '\''s/^[ABCDGIRSTW]* .* \(.*\)$/extern char \1;/p'\'''
lt_cv_sys_max_cmd_len=1572864

## ----------------- ##
## Output variables. ##
## ----------------- ##

ACLOCAL='${SHELL} /home/syf/work/PocketSphinx/cmuclmtk-0.7/missing --run aclocal-1.11'
AMDEPBACKSLASH='\'
AMDEP_FALSE='#'
AMDEP_TRUE=''
AMTAR='${SHELL} /home/syf/work/PocketSphinx/cmuclmtk-0.7/missing --run tar'
AR='ar'
AUTOCONF='${SHELL} /home/syf/work/PocketSphinx/cmuclmtk-0.7/missing --run autoconf'
AUTOHEADER='${SHELL} /home/syf/work/PocketSphinx/cmuclmtk-0.7/missing --run autoheader'
AUTOMAKE='${SHELL} /home/syf/work/PocketSphinx/cmuclmtk-0.7/missing --run automake-1.11'
AWK='mawk'
CC='gcc'
CCDEPMODE='depmode=gcc3'
CFLAGS='-g -O2'
CPP='gcc -E'
CPPFLAGS=''
CYGPATH_W='echo'
DEFS='-DHAVE_CONFIG_H'
DEPDIR='.deps'
DSYMUTIL=''
DUMPBIN=''
ECHO_C=''
ECHO_N='-n'
ECHO_T=''
EGREP='/bin/grep -E'
EXEEXT=''
FGREP='/bin/grep -F'
GREP='/bin/grep'
INSTALL_DATA='${INSTALL} -m 644'
INSTALL_PROGRAM='${INSTALL}'
INSTALL_SCRIPT='${INSTALL}'
INSTALL_STRIP_PROGRAM='$(install_sh) -c -s'
LD='/usr/bin/ld -m elf_x86_64'
LDFLAGS=''
LIBOBJS=''
LIBS='-lm '
LIBTOOL='$(SHELL) $(top_builddir)/libtool'
LIPO=''
LN_S='ln -s'
LTLIBOBJS=''
MAKEINFO='${SHELL} /home/syf/work/PocketSphinx/cmuclmtk-0.7/missing --run makeinfo'
MKDIR_P='/bin/mkdir -p'
NM='/usr/bin/nm -B'
NMEDIT=''
OBJDUMP='objdump'
OBJEXT='o'
OTOOL64=''
OTOOL=''
PACKAGE='cmuclmtk'
PACKAGE_BUGREPORT='air+logios@cs.cmu.edu'
PACKAGE_NAME='cmuclmtk'
PACKAGE_STRING='cmuclmtk 0.7'
PACKAGE_TARNAME='cmuclmtk'
PACKAGE_URL=''
PACKAGE_VERSION='0.7'
PATH_SEPARATOR=':'
RANLIB='ranlib'
SED='/bin/sed'
SET_MAKE=''
SHELL='/bin/bash'
STRIP='strip'
VERSION='0.7'
ac_ct_CC='gcc'
ac_ct_DUMPBIN=''
am__EXEEXT_FALSE=''
am__EXEEXT_TRUE='#'
am__fastdepCC_FALSE='#'
am__fastdepCC_TRUE=''
am__include='include'
am__isrc=''
am__leading_dot='.'
am__quote=''
am__tar='${AMTAR} chof - "$$tardir"'
am__untar='${AMTAR} xf -'
bindir='${exec_prefix}/bin'
build='x86_64-unknown-linux-gnu'
build_alias=''
build_cpu='x86_64'
build_os='linux-gnu'
build_vendor='unknown'
datadir='${datarootdir}'
datarootdir='${prefix}/share'
docdir='${datarootdir}/doc/${PACKAGE_TARNAME}'
dvidir='${docdir}'
exec_prefix='${prefix}'
host='x86_64-unknown-linux-gnu'
host_alias=''
host_cpu='x86_64'
host_os='linux-gnu'
host_vendor='unknown'
htmldir='${docdir}'
includedir='${prefix}/include'
infodir='${datarootdir}/info'
install_sh='${SHELL} /home/syf/work/PocketSphinx/cmuclmtk-0.7/install-sh'
libdir='${exec_prefix}/lib'
libexecdir='${exec_prefix}/libexec'
localedir='${datarootdir}/locale'
localstatedir='${prefix}/var'
lt_ECHO='echo'
mandir='${datarootdir}/man'
mkdir_p='/bin/mkdir -p'
oldincludedir='/usr/include'
pdfdir='${docdir}'
prefix='/usr/local'
program_transform_name='s,x,x,'
psdir='${docdir}'
sbindir='${exec_prefix}/sbin'
sharedstatedir='${prefix}/com'
sysconfdir='${prefix}/etc'
target_alias=''

## ----------- ##
## confdefs.h. ##
## ----------- ##

/* confdefs.h */
#define PACKAGE_NAME "cmuclmtk"
#define PACKAGE_TARNAME "cmuclmtk"
#define PACKAGE_VERSION "0.7"
#define PACKAGE_STRING "cmuclmtk 0.7"
#define PACKAGE_BUGREPORT "air+logios@cs.cmu.edu"
#define PACKAGE_URL ""
#define PACKAGE "cmuclmtk"
#define VERSION "0.7"
#define STDC_HEADERS 1
#define HAVE_SYS_TYPES_H 1
#define HAVE_SYS_STAT_H 1
#define HAVE_STDLIB_H 1
#define HAVE_STRING_H 1
#define HAVE_MEMORY_H 1
#define HAVE_STRINGS_H 1
#define HAVE_INTTYPES_H 1
#define HAVE_STDINT_H 1
#define HAVE_UNISTD_H 1
#define HAVE_DLFCN_H 1
#define LT_OBJDIR ".libs/"
#define HAVE_LIBM 1
#define STDC_HEADERS 1
#define HAVE_STDLIB_H 1
#define HAVE_STRINGS_H 1
#define HAVE_SYS_TIME_H 1

configure: exit 0
