This file contains any messages produced by compilers while
running configure, to aid debugging if configure makes a mistake.

It was created by pocketsphinx configure 0.8, which was
generated by GNU Autoconf 2.69.  Invocation command line was

  $ ./configure 

## --------- ##
## Platform. ##
## --------- ##

hostname = syf-work
uname -m = x86_64
uname -r = 4.19.2
uname -s = Linux
uname -v = #2 SMP Mon Dec 3 17:15:58 CST 2018

/usr/bin/uname -p = unknown
/bin/uname -X     = unknown

/bin/arch              = unknown
/usr/bin/arch -k       = unknown
/usr/convex/getsysinfo = unknown
/usr/bin/hostinfo      = unknown
/bin/machine           = unknown
/usr/bin/oslevel       = unknown
/bin/universe          = unknown

PATH: /usr/local/openssl/bin
PATH: /usr/local/sbin
PATH: /usr/local/bin
PATH: /usr/sbin
PATH: /usr/bin
PATH: /sbin
PATH: /bin
PATH: /usr/games
PATH: /usr/local/games
PATH: /home/syf/bin
PATH: /home/syf/work/kaldi/tools/srilm-1.7.2/bin/


## ----------- ##
## Core tests. ##
## ----------- ##

configure:2548: checking for a BSD-compatible install
configure:2616: result: /usr/bin/install -c
configure:2627: checking whether build environment is sane
configure:2682: result: yes
configure:2833: checking for a thread-safe mkdir -p
configure:2872: result: /bin/mkdir -p
configure:2879: checking for gawk
configure:2909: result: no
configure:2879: checking for mawk
configure:2895: found /usr/bin/mawk
configure:2906: result: mawk
configure:2917: checking whether make sets $(MAKE)
configure:2939: result: yes
configure:2968: checking whether make supports nested variables
configure:2985: result: yes
configure:3110: checking build system type
configure:3124: result: x86_64-unknown-linux-gnu
configure:3144: checking host system type
configure:3157: result: x86_64-unknown-linux-gnu
configure:3243: checking for gcc
configure:3259: found /usr/bin/gcc
configure:3270: result: gcc
configure:3499: checking for C compiler version
configure:3508: gcc --version >&5
gcc (Ubuntu 4.8.5-4ubuntu8) 4.8.5
Copyright (C) 2015 Free Software Foundation, Inc.
This is free software; see the source for copying conditions.  There is NO
warranty; not even for MERCHANTABILITY or FITNESS FOR A PARTICULAR PURPOSE.

configure:3519: $? = 0
configure:3508: gcc -v >&5
Using built-in specs.
COLLECT_GCC=gcc
COLLECT_LTO_WRAPPER=/usr/lib/gcc/x86_64-linux-gnu/4.8/lto-wrapper
Target: x86_64-linux-gnu
Configured with: ../src/configure -v --with-pkgversion='Ubuntu 4.8.5-4ubuntu8' --with-bugurl=file:///usr/share/doc/gcc-4.8/README.Bugs --enable-languages=c,c++,go,d,fortran,objc,obj-c++ --prefix=/usr --program-suffix=-4.8 --enable-shared --enable-linker-build-id --libexecdir=/usr/lib --without-included-gettext --enable-threads=posix --with-gxx-include-dir=/usr/include/c++/4.8 --libdir=/usr/lib --enable-nls --with-sysroot=/ --enable-clocale=gnu --enable-libstdcxx-debug --enable-libstdcxx-time=yes --enable-gnu-unique-object --disable-libmudflap --enable-plugin --with-system-zlib --enable-objc-gc --enable-multiarch --disable-werror --with-arch-32=i686 --with-abi=m64 --with-multilib-list=m32,m64,mx32 --with-tune=generic --enable-checking=release --build=x86_64-linux-gnu --host=x86_64-linux-gnu --target=x86_64-linux-gnu
Thread model: posix
gcc version 4.8.5 (Ubuntu 4.8.5-4ubuntu8) 
configure:3519: $? = 0
configure:3508: gcc -V >&5
gcc: error: unrecognized command line option '-V'
gcc: fatal error: no input files
compilation terminated.
configure:3519: $? = 4
configure:3508: gcc -qversion >&5
gcc: error: unrecognized command line option '-qversion'
gcc: fatal error: no input files
compilation terminated.
configure:3519: $? = 4
configure:3539: checking whether the C compiler works
configure:3561: gcc -g -O2 -Wall   conftest.c  >&5
configure:3565: $? = 0
configure:3613: result: yes
configure:3616: checking for C compiler default output file name
configure:3618: result: a.out
configure:3624: checking for suffix of executables
configure:3631: gcc -o conftest -g -O2 -Wall   conftest.c  >&5
configure:3635: $? = 0
configure:3657: result: 
configure:3679: checking whether we are cross compiling
configure:3687: gcc -o conftest -g -O2 -Wall   conftest.c  >&5
configure:3691: $? = 0
configure:3698: ./conftest
configure:3702: $? = 0
configure:3717: result: no
configure:3722: checking for suffix of object files
configure:3744: gcc -c -g -O2 -Wall  conftest.c >&5
configure:3748: $? = 0
configure:3769: result: o
configure:3773: checking whether we are using the GNU C compiler
configure:3792: gcc -c -g -O2 -Wall  conftest.c >&5
configure:3792: $? = 0
configure:3801: result: yes
configure:3810: checking whether gcc accepts -g
configure:3830: gcc -c -g  conftest.c >&5
configure:3830: $? = 0
configure:3871: result: yes
configure:3888: checking for gcc option to accept ISO C89
configure:3951: gcc  -c -g -O2 -Wall  conftest.c >&5
configure:3951: $? = 0
configure:3964: result: none needed
configure:3989: checking whether gcc understands -c and -o together
configure:4011: gcc -c conftest.c -o conftest2.o
configure:4014: $? = 0
configure:4011: gcc -c conftest.c -o conftest2.o
configure:4014: $? = 0
configure:4026: result: yes
configure:4054: checking for style of include used by make
configure:4082: result: GNU
configure:4108: checking dependency style of gcc
configure:4219: result: gcc3
configure:4280: checking how to print strings
configure:4307: result: printf
configure:4328: checking for a sed that does not truncate output
configure:4392: result: /bin/sed
configure:4410: checking for grep that handles long lines and -e
configure:4468: result: /bin/grep
configure:4473: checking for egrep
configure:4535: result: /bin/grep -E
configure:4540: checking for fgrep
configure:4602: result: /bin/grep -F
configure:4637: checking for ld used by gcc
configure:4704: result: /usr/bin/ld
configure:4711: checking if the linker (/usr/bin/ld) is GNU ld
configure:4726: result: yes
configure:4738: checking for BSD- or MS-compatible name lister (nm)
configure:4792: result: /usr/bin/nm -B
configure:4922: checking the name lister (/usr/bin/nm -B) interface
configure:4929: gcc -c -g -O2 -Wall  conftest.c >&5
configure:4932: /usr/bin/nm -B "conftest.o"
configure:4935: output
0000000000000000 B some_variable
configure:4942: result: BSD nm
configure:4945: checking whether ln -s works
configure:4949: result: yes
configure:4957: checking the maximum length of command line arguments
configure:5088: result: 1572864
configure:5136: checking how to convert x86_64-unknown-linux-gnu file names to x86_64-unknown-linux-gnu format
configure:5176: result: func_convert_file_noop
configure:5183: checking how to convert x86_64-unknown-linux-gnu file names to toolchain format
configure:5203: result: func_convert_file_noop
configure:5210: checking for /usr/bin/ld option to reload object files
configure:5217: result: -r
configure:5291: checking for objdump
configure:5307: found /usr/bin/objdump
configure:5318: result: objdump
configure:5350: checking how to recognize dependent libraries
configure:5550: result: pass_all
configure:5635: checking for dlltool
configure:5665: result: no
configure:5695: checking how to associate runtime and link libraries
configure:5722: result: printf %s\n
configure:5783: checking for ar
configure:5799: found /usr/bin/ar
configure:5810: result: ar
configure:5847: checking for archiver @FILE support
configure:5864: gcc -c -g -O2 -Wall  conftest.c >&5
configure:5864: $? = 0
configure:5867: ar cru libconftest.a @conftest.lst >&5
ar: `u' modifier ignored since `D' is the default (see `U')
configure:5870: $? = 0
configure:5875: ar cru libconftest.a @conftest.lst >&5
ar: `u' modifier ignored since `D' is the default (see `U')
ar: conftest.o: No such file or directory
configure:5878: $? = 1
configure:5890: result: @
configure:5948: checking for strip
configure:5964: found /usr/bin/strip
configure:5975: result: strip
configure:6047: checking for ranlib
configure:6063: found /usr/bin/ranlib
configure:6074: result: ranlib
configure:6176: checking command to parse /usr/bin/nm -B output from gcc object
configure:6329: gcc -c -g -O2 -Wall  conftest.c >&5
configure:6332: $? = 0
configure:6336: /usr/bin/nm -B conftest.o \| sed -n -e 's/^.*[ ]\([ABCDGIRSTW][ABCDGIRSTW]*\)[ ][ ]*\([_A-Za-z][_A-Za-z0-9]*\)$/\1 \2 \2/p' | sed '/ __gnu_lto/d' \> conftest.nm
configure:6339: $? = 0
configure:6405: gcc -o conftest -g -O2 -Wall   conftest.c conftstm.o >&5
configure:6408: $? = 0
configure:6446: result: ok
configure:6493: checking for sysroot
configure:6523: result: no
configure:6530: checking for a working dd
configure:6568: result: /bin/dd
configure:6572: checking how to truncate binary pipes
configure:6587: result: /bin/dd bs=4096 count=1
configure:6723: gcc -c -g -O2 -Wall  conftest.c >&5
configure:6726: $? = 0
configure:6916: checking for mt
configure:6932: found /bin/mt
configure:6943: result: mt
configure:6966: checking if mt is a manifest tool
configure:6972: mt '-?'
configure:6980: result: no
configure:7657: checking how to run the C preprocessor
configure:7688: gcc -E  conftest.c
configure:7688: $? = 0
configure:7702: gcc -E  conftest.c
conftest.c:9:28: fatal error: ac_nonexistent.h: No such file or directory
 #include <ac_nonexistent.h>
                            ^
compilation terminated.
configure:7702: $? = 1
configure: failed program was:
| /* confdefs.h */
| #define PACKAGE_NAME "pocketsphinx"
| #define PACKAGE_TARNAME "pocketsphinx"
| #define PACKAGE_VERSION "0.8"
| #define PACKAGE_STRING "pocketsphinx 0.8"
| #define PACKAGE_BUGREPORT ""
| #define PACKAGE_URL ""
| /* end confdefs.h.  */
| #include <ac_nonexistent.h>
configure:7727: result: gcc -E
configure:7747: gcc -E  conftest.c
configure:7747: $? = 0
configure:7761: gcc -E  conftest.c
conftest.c:9:28: fatal error: ac_nonexistent.h: No such file or directory
 #include <ac_nonexistent.h>
                            ^
compilation terminated.
configure:7761: $? = 1
configure: failed program was:
| /* confdefs.h */
| #define PACKAGE_NAME "pocketsphinx"
| #define PACKAGE_TARNAME "pocketsphinx"
| #define PACKAGE_VERSION "0.8"
| #define PACKAGE_STRING "pocketsphinx 0.8"
| #define PACKAGE_BUGREPORT ""
| #define PACKAGE_URL ""
| /* end confdefs.h.  */
| #include <ac_nonexistent.h>
configure:7790: checking for ANSI C header files
configure:7810: gcc -c -g -O2 -Wall  conftest.c >&5
configure:7810: $? = 0
configure:7883: gcc -o conftest -g -O2 -Wall   conftest.c  >&5
configure:7883: $? = 0
configure:7883: ./conftest
configure:7883: $? = 0
configure:7894: result: yes
configure:7907: checking for sys/types.h
configure:7907: gcc -c -g -O2 -Wall  conftest.c >&5
configure:7907: $? = 0
configure:7907: result: yes
configure:7907: checking for sys/stat.h
configure:7907: gcc -c -g -O2 -Wall  conftest.c >&5
configure:7907: $? = 0
configure:7907: result: yes
configure:7907: checking for stdlib.h
configure:7907: gcc -c -g -O2 -Wall  conftest.c >&5
configure:7907: $? = 0
configure:7907: result: yes
configure:7907: checking for string.h
configure:7907: gcc -c -g -O2 -Wall  conftest.c >&5
configure:7907: $? = 0
configure:7907: result: yes
configure:7907: checking for memory.h
configure:7907: gcc -c -g -O2 -Wall  conftest.c >&5
configure:7907: $? = 0
configure:7907: result: yes
configure:7907: checking for strings.h
configure:7907: gcc -c -g -O2 -Wall  conftest.c >&5
configure:7907: $? = 0
configure:7907: result: yes
configure:7907: checking for inttypes.h
configure:7907: gcc -c -g -O2 -Wall  conftest.c >&5
configure:7907: $? = 0
configure:7907: result: yes
configure:7907: checking for stdint.h
configure:7907: gcc -c -g -O2 -Wall  conftest.c >&5
configure:7907: $? = 0
configure:7907: result: yes
configure:7907: checking for unistd.h
configure:7907: gcc -c -g -O2 -Wall  conftest.c >&5
configure:7907: $? = 0
configure:7907: result: yes
configure:7921: checking for dlfcn.h
configure:7921: gcc -c -g -O2 -Wall  conftest.c >&5
configure:7921: $? = 0
configure:7921: result: yes
configure:8177: checking for objdir
configure:8192: result: .libs
configure:8456: checking if gcc supports -fno-rtti -fno-exceptions
configure:8474: gcc -c -g -O2 -Wall  -fno-rtti -fno-exceptions conftest.c >&5
cc1: warning: command line option '-fno-rtti' is valid for C++/ObjC++ but not for C [enabled by default]
configure:8478: $? = 0
configure:8491: result: no
configure:8849: checking for gcc option to produce PIC
configure:8856: result: -fPIC -DPIC
configure:8864: checking if gcc PIC flag -fPIC -DPIC works
configure:8882: gcc -c -g -O2 -Wall  -fPIC -DPIC -DPIC conftest.c >&5
configure:8886: $? = 0
configure:8899: result: yes
configure:8928: checking if gcc static flag -static works
configure:8956: result: yes
configure:8971: checking if gcc supports -c -o file.o
configure:8992: gcc -c -g -O2 -Wall  -o out/conftest2.o conftest.c >&5
configure:8996: $? = 0
configure:9018: result: yes
configure:9026: checking if gcc supports -c -o file.o
configure:9073: result: yes
configure:9106: checking whether the gcc linker (/usr/bin/ld -m elf_x86_64) supports shared libraries
configure:10369: result: yes
configure:10406: checking whether -lc should be explicitly linked in
configure:10414: gcc -c -g -O2 -Wall  conftest.c >&5
configure:10417: $? = 0
configure:10432: gcc -shared  -fPIC -DPIC conftest.o  -v -Wl,-soname -Wl,conftest -o conftest 2\>\&1 \| /bin/grep  -lc  \>/dev/null 2\>\&1
configure:10435: $? = 0
configure:10449: result: no
configure:10609: checking dynamic linker characteristics
configure:11190: gcc -o conftest -g -O2 -Wall   -Wl,-rpath -Wl,/foo conftest.c  >&5
configure:11190: $? = 0
configure:11439: result: GNU/Linux ld.so
configure:11561: checking how to hardcode library paths into programs
configure:11586: result: immediate
configure:12134: checking whether stripping libraries is possible
configure:12139: result: yes
configure:12174: checking if libtool supports shared libraries
configure:12176: result: yes
configure:12179: checking whether to build shared libraries
configure:12204: result: yes
configure:12207: checking whether to build static libraries
configure:12211: result: yes
configure:12248: checking whether byte ordering is bigendian
configure:12263: gcc -c -g -O2 -Wall  conftest.c >&5
conftest.c:22:9: error: unknown type name 'not'
         not a universal capable compiler
         ^
conftest.c:22:15: error: expected '=', ',', ';', 'asm' or '__attribute__' before 'universal'
         not a universal capable compiler
               ^
conftest.c:22:15: error: unknown type name 'universal'
configure:12263: $? = 1
configure: failed program was:
| /* confdefs.h */
| #define PACKAGE_NAME "pocketsphinx"
| #define PACKAGE_TARNAME "pocketsphinx"
| #define PACKAGE_VERSION "0.8"
| #define PACKAGE_STRING "pocketsphinx 0.8"
| #define PACKAGE_BUGREPORT ""
| #define PACKAGE_URL ""
| #define STDC_HEADERS 1
| #define HAVE_SYS_TYPES_H 1
| #define HAVE_SYS_STAT_H 1
| #define HAVE_STDLIB_H 1
| #define HAVE_STRING_H 1
| #define HAVE_MEMORY_H 1
| #define HAVE_STRINGS_H 1
| #define HAVE_INTTYPES_H 1
| #define HAVE_STDINT_H 1
| #define HAVE_UNISTD_H 1
| #define HAVE_DLFCN_H 1
| #define LT_OBJDIR ".libs/"
| /* end confdefs.h.  */
| #ifndef __APPLE_CC__
| 	       not a universal capable compiler
| 	     #endif
| 	     typedef int dummy;
| 
configure:12308: gcc -c -g -O2 -Wall  conftest.c >&5
configure:12308: $? = 0
configure:12326: gcc -c -g -O2 -Wall  conftest.c >&5
conftest.c: In function 'main':
conftest.c:28:4: error: unknown type name 'not'
    not big endian
    ^
conftest.c:28:12: error: expected '=', ',', ';', 'asm' or '__attribute__' before 'endian'
    not big endian
            ^
configure:12326: $? = 1
configure: failed program was:
| /* confdefs.h */
| #define PACKAGE_NAME "pocketsphinx"
| #define PACKAGE_TARNAME "pocketsphinx"
| #define PACKAGE_VERSION "0.8"
| #define PACKAGE_STRING "pocketsphinx 0.8"
| #define PACKAGE_BUGREPORT ""
| #define PACKAGE_URL ""
| #define STDC_HEADERS 1
| #define HAVE_SYS_TYPES_H 1
| #define HAVE_SYS_STAT_H 1
| #define HAVE_STDLIB_H 1
| #define HAVE_STRING_H 1
| #define HAVE_MEMORY_H 1
| #define HAVE_STRINGS_H 1
| #define HAVE_INTTYPES_H 1
| #define HAVE_STDINT_H 1
| #define HAVE_UNISTD_H 1
| #define HAVE_DLFCN_H 1
| #define LT_OBJDIR ".libs/"
| /* end confdefs.h.  */
| #include <sys/types.h>
| 		#include <sys/param.h>
| 
| int
| main ()
| {
| #if BYTE_ORDER != BIG_ENDIAN
| 		 not big endian
| 		#endif
| 
|   ;
|   return 0;
| }
configure:12454: result: no
configure:12472: checking for long long
configure:12472: gcc -c -g -O2 -Wall  conftest.c >&5
configure:12472: $? = 0
configure:12472: gcc -c -g -O2 -Wall  conftest.c >&5
conftest.c: In function 'main':
conftest.c:57:24: error: expected expression before ')' token
 if (sizeof ((long long)))
                        ^
configure:12472: $? = 1
configure: failed program was:
| /* confdefs.h */
| #define PACKAGE_NAME "pocketsphinx"
| #define PACKAGE_TARNAME "pocketsphinx"
| #define PACKAGE_VERSION "0.8"
| #define PACKAGE_STRING "pocketsphinx 0.8"
| #define PACKAGE_BUGREPORT ""
| #define PACKAGE_URL ""
| #define STDC_HEADERS 1
| #define HAVE_SYS_TYPES_H 1
| #define HAVE_SYS_STAT_H 1
| #define HAVE_STDLIB_H 1
| #define HAVE_STRING_H 1
| #define HAVE_MEMORY_H 1
| #define HAVE_STRINGS_H 1
| #define HAVE_INTTYPES_H 1
| #define HAVE_STDINT_H 1
| #define HAVE_UNISTD_H 1
| #define HAVE_DLFCN_H 1
| #define LT_OBJDIR ".libs/"
| /* end confdefs.h.  */
| #include <stdio.h>
| #ifdef HAVE_SYS_TYPES_H
| # include <sys/types.h>
| #endif
| #ifdef HAVE_SYS_STAT_H
| # include <sys/stat.h>
| #endif
| #ifdef STDC_HEADERS
| # include <stdlib.h>
| # include <stddef.h>
| #else
| # ifdef HAVE_STDLIB_H
| #  include <stdlib.h>
| # endif
| #endif
| #ifdef HAVE_STRING_H
| # if !defined STDC_HEADERS && defined HAVE_MEMORY_H
| #  include <memory.h>
| # endif
| # include <string.h>
| #endif
| #ifdef HAVE_STRINGS_H
| # include <strings.h>
| #endif
| #ifdef HAVE_INTTYPES_H
| # include <inttypes.h>
| #endif
| #ifdef HAVE_STDINT_H
| # include <stdint.h>
| #endif
| #ifdef HAVE_UNISTD_H
| # include <unistd.h>
| #endif
| int
| main ()
| {
| if (sizeof ((long long)))
| 	    return 0;
|   ;
|   return 0;
| }
configure:12472: result: yes
configure:12486: checking size of long long
configure:12491: gcc -o conftest -g -O2 -Wall   conftest.c  >&5
configure:12491: $? = 0
configure:12491: ./conftest
configure:12491: $? = 0
configure:12505: result: 8
configure:12517: checking for dup2
configure:12517: gcc -o conftest -g -O2 -Wall   conftest.c  >&5
configure:12517: $? = 0
configure:12517: result: yes
configure:12529: checking for pkg-config
configure:12545: found /usr/bin/pkg-config
configure:12557: result: yes
configure:12568: checking for doxygen
configure:12596: result: no
configure:12638: checking for python
configure:12656: found /usr/bin/python
configure:12669: result: /usr/bin/python
configure:12679: checking for python-config
configure:12697: found /usr/bin/python-config
configure:12710: result: /usr/bin/python-config
configure:12722: checking Python.h usability
configure:12722: gcc -c -g -O2 -Wall  -I/usr/include/python2.7 -I/usr/include/x86_64-linux-gnu/python2.7 conftest.c >&5
configure:12722: $? = 0
configure:12722: result: yes
configure:12722: checking Python.h presence
configure:12722: gcc -E  -I/usr/include/python2.7 -I/usr/include/x86_64-linux-gnu/python2.7 conftest.c
configure:12722: $? = 0
configure:12722: result: yes
configure:12722: checking for Python.h
configure:12722: result: yes
configure:12751: checking for cython
configure:12779: result: no
configure:12847: checking for pkg-config
configure:12865: found /usr/bin/pkg-config
configure:12877: result: /usr/bin/pkg-config
configure:12902: checking pkg-config is at least version 0.9.0
configure:12905: result: yes
configure:12916: checking for GStreamer
configure:12926: $PKG_CONFIG --exists --print-errors "gstreamer-$GST_MAJORMINOR >= 0.10.0
		       gstreamer-base-$GST_MAJORMINOR >= 0.10.0
		       gstreamer-plugins-base-$GST_MAJORMINOR >= 0.10.0"
Package gstreamer-0.10 was not found in the pkg-config search path.
Perhaps you should add the directory containing `gstreamer-0.10.pc'
to the PKG_CONFIG_PATH environment variable
No package 'gstreamer-0.10' found
Package gstreamer-base-0.10 was not found in the pkg-config search path.
Perhaps you should add the directory containing `gstreamer-base-0.10.pc'
to the PKG_CONFIG_PATH environment variable
No package 'gstreamer-base-0.10' found
Package gstreamer-plugins-base-0.10 was not found in the pkg-config search path.
Perhaps you should add the directory containing `gstreamer-plugins-base-0.10.pc'
to the PKG_CONFIG_PATH environment variable
No package 'gstreamer-plugins-base-0.10' found
configure:12931: $? = 1
configure:12950: $PKG_CONFIG --exists --print-errors "gstreamer-$GST_MAJORMINOR >= 0.10.0
		       gstreamer-base-$GST_MAJORMINOR >= 0.10.0
		       gstreamer-plugins-base-$GST_MAJORMINOR >= 0.10.0"
Package gstreamer-0.10 was not found in the pkg-config search path.
Perhaps you should add the directory containing `gstreamer-0.10.pc'
to the PKG_CONFIG_PATH environment variable
No package 'gstreamer-0.10' found
Package gstreamer-base-0.10 was not found in the pkg-config search path.
Perhaps you should add the directory containing `gstreamer-base-0.10.pc'
to the PKG_CONFIG_PATH environment variable
No package 'gstreamer-base-0.10' found
Package gstreamer-plugins-base-0.10 was not found in the pkg-config search path.
Perhaps you should add the directory containing `gstreamer-plugins-base-0.10.pc'
to the PKG_CONFIG_PATH environment variable
No package 'gstreamer-plugins-base-0.10' found
configure:12955: $? = 1
No package 'gstreamer-0.10' found
No package 'gstreamer-base-0.10' found
No package 'gstreamer-plugins-base-0.10' found
configure:12989: result: no
configure:13056: checking for sphinxbase in /home/syf/work/PocketSphinx/pocketsphinx-0.8/../sphinxbase
configure:13064: result: no
configure:13056: checking for sphinxbase in /home/syf/work/PocketSphinx/pocketsphinx-0.8/../sphinxbase-0.8
configure:13060: result: yes
configure:13189: checking for /home/syf/work/PocketSphinx/pocketsphinx-0.8/../sphinxbase-0.8/include/sphinxbase/prim_type.h
configure:13203: result: yes
configure:13217: checking for /home/syf/work/PocketSphinx/pocketsphinx-0.8/../sphinxbase-0.8/src/libsphinxbase/libsphinxbase.la
configure:13231: result: yes
configure:13397: checking that generated files are newer than configure
configure:13403: result: done
configure:13443: creating ./config.status

## ---------------------- ##
## Running config.status. ##
## ---------------------- ##

This file was extended by pocketsphinx config.status 0.8, which was
generated by GNU Autoconf 2.69.  Invocation command line was

  CONFIG_FILES    = 
  CONFIG_HEADERS  = 
  CONFIG_LINKS    = 
  CONFIG_COMMANDS = 
  $ ./config.status 

on syf-work

config.status:1051: creating pocketsphinx.pc
config.status:1051: creating Makefile
config.status:1051: creating include/Makefile
config.status:1051: creating python/Makefile
config.status:1051: creating python/setup.py
config.status:1051: creating src/Makefile
config.status:1051: creating src/libpocketsphinx/Makefile
config.status:1051: creating src/programs/Makefile
config.status:1051: creating src/gst-plugin/Makefile
config.status:1051: creating doc/Makefile
config.status:1051: creating doc/doxyfile
config.status:1051: creating model/Makefile
config.status:1051: creating model/hmm/Makefile
config.status:1051: creating model/lm/Makefile
config.status:1051: creating test/Makefile
config.status:1051: creating test/testfuncs.sh
config.status:1051: creating test/unit/Makefile
config.status:1051: creating test/regression/Makefile
config.status:1223: executing depfiles commands
config.status:1223: executing libtool commands

## ---------------- ##
## Cache variables. ##
## ---------------- ##

ac_cv_build=x86_64-unknown-linux-gnu
ac_cv_c_bigendian=no
ac_cv_c_compiler_gnu=yes
ac_cv_env_CC_set=
ac_cv_env_CC_value=
ac_cv_env_CFLAGS_set=
ac_cv_env_CFLAGS_value=
ac_cv_env_CPPFLAGS_set=
ac_cv_env_CPPFLAGS_value=
ac_cv_env_CPP_set=
ac_cv_env_CPP_value=
ac_cv_env_GStreamer_CFLAGS_set=
ac_cv_env_GStreamer_CFLAGS_value=
ac_cv_env_GStreamer_LIBS_set=
ac_cv_env_GStreamer_LIBS_value=
ac_cv_env_LDFLAGS_set=
ac_cv_env_LDFLAGS_value=
ac_cv_env_LIBS_set=
ac_cv_env_LIBS_value=
ac_cv_env_LT_SYS_LIBRARY_PATH_set=
ac_cv_env_LT_SYS_LIBRARY_PATH_value=
ac_cv_env_PKG_CONFIG_set=
ac_cv_env_PKG_CONFIG_value=
ac_cv_env_SphinxBase_CFLAGS_set=
ac_cv_env_SphinxBase_CFLAGS_value=
ac_cv_env_SphinxBase_LIBS_set=
ac_cv_env_SphinxBase_LIBS_value=
ac_cv_env_build_alias_set=
ac_cv_env_build_alias_value=
ac_cv_env_host_alias_set=
ac_cv_env_host_alias_value=
ac_cv_env_target_alias_set=
ac_cv_env_target_alias_value=
ac_cv_file__home_syf_work_PocketSphinx_pocketsphinx_0_8____sphinxbase_0_8_include_sphinxbase_prim_type_h=yes
ac_cv_file__home_syf_work_PocketSphinx_pocketsphinx_0_8____sphinxbase_0_8_src_libsphinxbase_libsphinxbase_la=yes
ac_cv_func_dup2=yes
ac_cv_header_Python_h=yes
ac_cv_header_dlfcn_h=yes
ac_cv_header_inttypes_h=yes
ac_cv_header_memory_h=yes
ac_cv_header_stdc=yes
ac_cv_header_stdint_h=yes
ac_cv_header_stdlib_h=yes
ac_cv_header_string_h=yes
ac_cv_header_strings_h=yes
ac_cv_header_sys_stat_h=yes
ac_cv_header_sys_types_h=yes
ac_cv_header_unistd_h=yes
ac_cv_host=x86_64-unknown-linux-gnu
ac_cv_objext=o
ac_cv_path_EGREP='/bin/grep -E'
ac_cv_path_FGREP='/bin/grep -F'
ac_cv_path_GREP=/bin/grep
ac_cv_path_PYTHON=/usr/bin/python
ac_cv_path_PYTHON_CONFIG=/usr/bin/python-config
ac_cv_path_SED=/bin/sed
ac_cv_path_ac_pt_PKG_CONFIG=/usr/bin/pkg-config
ac_cv_path_install='/usr/bin/install -c'
ac_cv_path_lt_DD=/bin/dd
ac_cv_path_mkdir=/bin/mkdir
ac_cv_prog_AWK=mawk
ac_cv_prog_CPP='gcc -E'
ac_cv_prog_HAVE_CYTHON=no
ac_cv_prog_HAVE_DOXYGEN=no
ac_cv_prog_HAVE_PKGCONFIG=yes
ac_cv_prog_ac_ct_AR=ar
ac_cv_prog_ac_ct_CC=gcc
ac_cv_prog_ac_ct_MANIFEST_TOOL=mt
ac_cv_prog_ac_ct_OBJDUMP=objdump
ac_cv_prog_ac_ct_RANLIB=ranlib
ac_cv_prog_ac_ct_STRIP=strip
ac_cv_prog_cc_c89=
ac_cv_prog_cc_g=yes
ac_cv_prog_make_make_set=yes
ac_cv_sizeof_long_long=8
ac_cv_type_long_long=yes
am_cv_CC_dependencies_compiler_type=gcc3
am_cv_make_support_nested_variables=yes
am_cv_prog_cc_c_o=yes
lt_cv_ar_at_file=@
lt_cv_archive_cmds_need_lc=no
lt_cv_deplibs_check_method=pass_all
lt_cv_file_magic_cmd='$MAGIC_CMD'
lt_cv_file_magic_test_file=
lt_cv_ld_reload_flag=-r
lt_cv_nm_interface='BSD nm'
lt_cv_objdir=.libs
lt_cv_path_LD=/usr/bin/ld
lt_cv_path_NM='/usr/bin/nm -B'
lt_cv_path_mainfest_tool=no
lt_cv_prog_compiler_c_o=yes
lt_cv_prog_compiler_pic='-fPIC -DPIC'
lt_cv_prog_compiler_pic_works=yes
lt_cv_prog_compiler_rtti_exceptions=no
lt_cv_prog_compiler_static_works=yes
lt_cv_prog_gnu_ld=yes
lt_cv_sharedlib_from_linklib_cmd='printf %s\n'
lt_cv_shlibpath_overrides_runpath=yes
lt_cv_sys_global_symbol_pipe='sed -n -e '\''s/^.*[	 ]\([ABCDGIRSTW][ABCDGIRSTW]*\)[	 ][	 ]*\([_A-Za-z][_A-Za-z0-9]*\)$/\1 \2 \2/p'\'' | sed '\''/ __gnu_lto/d'\'''
lt_cv_sys_global_symbol_to_c_name_address='sed -n -e '\''s/^: \(.*\) .*$/  {"\1", (void *) 0},/p'\'' -e '\''s/^[ABCDGIRSTW][ABCDGIRSTW]* .* \(.*\)$/  {"\1", (void *) \&\1},/p'\'''
lt_cv_sys_global_symbol_to_c_name_address_lib_prefix='sed -n -e '\''s/^: \(.*\) .*$/  {"\1", (void *) 0},/p'\'' -e '\''s/^[ABCDGIRSTW][ABCDGIRSTW]* .* \(lib.*\)$/  {"\1", (void *) \&\1},/p'\'' -e '\''s/^[ABCDGIRSTW][ABCDGIRSTW]* .* \(.*\)$/  {"lib\1", (void *) \&\1},/p'\'''
lt_cv_sys_global_symbol_to_cdecl='sed -n -e '\''s/^T .* \(.*\)$/extern int \1();/p'\'' -e '\''s/^[ABCDGIRSTW][ABCDGIRSTW]* .* \(.*\)$/extern char \1;/p'\'''
lt_cv_sys_global_symbol_to_import=
lt_cv_sys_max_cmd_len=1572864
lt_cv_to_host_file_cmd=func_convert_file_noop
lt_cv_to_tool_file_cmd=func_convert_file_noop
lt_cv_truncate_bin='/bin/dd bs=4096 count=1'

## ----------------- ##
## Output variables. ##
## ----------------- ##

ACLOCAL='${SHELL} /home/syf/work/PocketSphinx/pocketsphinx-0.8/missing aclocal-1.15'
AMDEPBACKSLASH='\'
AMDEP_FALSE='#'
AMDEP_TRUE=''
AMTAR='$${TAR-tar}'
AM_BACKSLASH='\'
AM_DEFAULT_V='$(AM_DEFAULT_VERBOSITY)'
AM_DEFAULT_VERBOSITY='1'
AM_V='$(V)'
AR='ar'
AUTOCONF='${SHELL} /home/syf/work/PocketSphinx/pocketsphinx-0.8/missing autoconf'
AUTOHEADER='${SHELL} /home/syf/work/PocketSphinx/pocketsphinx-0.8/missing autoheader'
AUTOMAKE='${SHELL} /home/syf/work/PocketSphinx/pocketsphinx-0.8/missing automake-1.15'
AWK='mawk'
BUILD_CYTHON_FALSE=''
BUILD_CYTHON_TRUE='#'
BUILD_DOXYGEN_FALSE=''
BUILD_DOXYGEN_TRUE='#'
BUILD_GST_FALSE=''
BUILD_GST_TRUE='#'
BUILD_PYTHON_FALSE='#'
BUILD_PYTHON_TRUE=''
CC='gcc'
CCDEPMODE='depmode=gcc3'
CFLAGS='-g -O2 -Wall'
CPP='gcc -E'
CPPFLAGS='-I/home/syf/work/PocketSphinx/pocketsphinx-0.8/../sphinxbase-0.8/include -I/home/syf/work/PocketSphinx/pocketsphinx-0.8/../sphinxbase-0.8/include  -I/usr/include/python2.7 -I/usr/include/x86_64-linux-gnu/python2.7'
CYGPATH_W='echo'
DEFS='-DPACKAGE_NAME=\"pocketsphinx\" -DPACKAGE_TARNAME=\"pocketsphinx\" -DPACKAGE_VERSION=\"0.8\" -DPACKAGE_STRING=\"pocketsphinx\ 0.8\" -DPACKAGE_BUGREPORT=\"\" -DPACKAGE_URL=\"\" -DSTDC_HEADERS=1 -DHAVE_SYS_TYPES_H=1 -DHAVE_SYS_STAT_H=1 -DHAVE_STDLIB_H=1 -DHAVE_STRING_H=1 -DHAVE_MEMORY_H=1 -DHAVE_STRINGS_H=1 -DHAVE_INTTYPES_H=1 -DHAVE_STDINT_H=1 -DHAVE_UNISTD_H=1 -DHAVE_DLFCN_H=1 -DLT_OBJDIR=\".libs/\" -DHAVE_LONG_LONG=1 -DSIZEOF_LONG_LONG=8 -DHAVE_DUP2=1'
DEPDIR='.deps'
DLLTOOL='false'
DSYMUTIL=''
DUMPBIN=''
ECHO_C=''
ECHO_N='-n'
ECHO_T=''
EGREP='/bin/grep -E'
EXEEXT=''
FGREP='/bin/grep -F'
GREP='/bin/grep'
GST_CFLAGS=' '
GST_LIBS=''
GST_MAJORMINOR='0.10'
GST_PLUGIN_LDFLAGS='-module -avoid-version -export-symbols-regex _*\(gst_\|Gst\|GST_\).*'
GStreamer_CFLAGS=''
GStreamer_LIBS=''
HAVE_CYTHON='no'
HAVE_DOXYGEN='no'
HAVE_PKGCONFIG='yes'
INSTALL_DATA='${INSTALL} -m 644'
INSTALL_PROGRAM='${INSTALL}'
INSTALL_SCRIPT='${INSTALL}'
INSTALL_STRIP_PROGRAM='$(install_sh) -c -s'
LD='/usr/bin/ld -m elf_x86_64'
LDFLAGS=' -L/home/syf/work/PocketSphinx/pocketsphinx-0.8/../sphinxbase-0.8/src/libsphinxad 		  -L/home/syf/work/PocketSphinx/pocketsphinx-0.8/../sphinxbase-0.8/src/libsphinxbase 		  -L/home/syf/work/PocketSphinx/pocketsphinx-0.8/../sphinxbase-0.8/src/libsphinxbase/.libs'
LIBOBJS=''
LIBS=' -lsphinxbase'
LIBTOOL='$(SHELL) $(top_builddir)/libtool'
LIPO=''
LN_S='ln -s'
LTLIBOBJS=''
LT_SYS_LIBRARY_PATH=''
MAKEINFO='${SHELL} /home/syf/work/PocketSphinx/pocketsphinx-0.8/missing makeinfo'
MANIFEST_TOOL=':'
MKDIR_P='/bin/mkdir -p'
NM='/usr/bin/nm -B'
NMEDIT=''
OBJDUMP='objdump'
OBJEXT='o'
OTOOL64=''
OTOOL=''
PACKAGE='pocketsphinx'
PACKAGE_BUGREPORT=''
PACKAGE_NAME='pocketsphinx'
PACKAGE_STRING='pocketsphinx 0.8'
PACKAGE_TARNAME='pocketsphinx'
PACKAGE_URL=''
PACKAGE_VERSION='0.8'
PATH_SEPARATOR=':'
PKG_CONFIG='/usr/bin/pkg-config'
PYTHON='/usr/bin/python'
PYTHON_CONFIG='/usr/bin/python-config'
RANLIB='ranlib'
SED='/bin/sed'
SET_MAKE=''
SHELL='/bin/bash'
STRIP='strip'
SphinxBase_CFLAGS=''
SphinxBase_LIBS=''
VERSION='0.8'
ac_ct_AR='ar'
ac_ct_CC='gcc'
ac_ct_DUMPBIN=''
am__EXEEXT_FALSE=''
am__EXEEXT_TRUE='#'
am__fastdepCC_FALSE='#'
am__fastdepCC_TRUE=''
am__include='include'
am__isrc=''
am__leading_dot='.'
am__nodep='_no'
am__quote=''
am__tar='$${TAR-tar} chof - "$$tardir"'
am__untar='$${TAR-tar} xf -'
bindir='${exec_prefix}/bin'
build='x86_64-unknown-linux-gnu'
build_alias=''
build_cpu='x86_64'
build_os='linux-gnu'
build_vendor='unknown'
datadir='${datarootdir}'
datarootdir='${prefix}/share'
docdir='${datarootdir}/doc/${PACKAGE_TARNAME}'
dvidir='${docdir}'
exec_prefix='${prefix}'
host='x86_64-unknown-linux-gnu'
host_alias=''
host_cpu='x86_64'
host_os='linux-gnu'
host_vendor='unknown'
htmldir='${docdir}'
includedir='${prefix}/include'
infodir='${datarootdir}/info'
install_sh='${SHELL} /home/syf/work/PocketSphinx/pocketsphinx-0.8/install-sh'
libdir='${exec_prefix}/lib'
libexecdir='${exec_prefix}/libexec'
localedir='${datarootdir}/locale'
localstatedir='${prefix}/var'
mandir='${datarootdir}/man'
mkdir_p='$(MKDIR_P)'
oldincludedir='/usr/include'
pdfdir='${docdir}'
plugindir='$(libdir)/gstreamer-0.10'
prefix='/usr/local'
program_transform_name='s,x,x,'
psdir='${docdir}'
runstatedir='${localstatedir}/run'
sbindir='${exec_prefix}/sbin'
sharedstatedir='${prefix}/com'
sphinxbase='/home/syf/work/PocketSphinx/pocketsphinx-0.8/../sphinxbase-0.8'
sphinxbasebuild='/home/syf/work/PocketSphinx/pocketsphinx-0.8/../sphinxbase-0.8'
sysconfdir='${prefix}/etc'
target_alias=''

## ----------- ##
## confdefs.h. ##
## ----------- ##

/* confdefs.h */
#define PACKAGE_NAME "pocketsphinx"
#define PACKAGE_TARNAME "pocketsphinx"
#define PACKAGE_VERSION "0.8"
#define PACKAGE_STRING "pocketsphinx 0.8"
#define PACKAGE_BUGREPORT ""
#define PACKAGE_URL ""
#define STDC_HEADERS 1
#define HAVE_SYS_TYPES_H 1
#define HAVE_SYS_STAT_H 1
#define HAVE_STDLIB_H 1
#define HAVE_STRING_H 1
#define HAVE_MEMORY_H 1
#define HAVE_STRINGS_H 1
#define HAVE_INTTYPES_H 1
#define HAVE_STDINT_H 1
#define HAVE_UNISTD_H 1
#define HAVE_DLFCN_H 1
#define LT_OBJDIR ".libs/"
#define HAVE_LONG_LONG 1
#define SIZEOF_LONG_LONG 8
#define HAVE_DUP2 1

configure: exit 0

## ---------------------- ##
## Running config.status. ##
## ---------------------- ##

This file was extended by pocketsphinx config.status 0.8, which was
generated by GNU Autoconf 2.69.  Invocation command line was

  CONFIG_FILES    = 
  CONFIG_HEADERS  = 
  CONFIG_LINKS    = 
  CONFIG_COMMANDS = 
  $ ./config.status pocketsphinx.pc

on syf-work

config.status:1051: creating pocketsphinx.pc
