This file contains any messages produced by compilers while
running configure, to aid debugging if configure makes a mistake.

It was created by sphinxbase configure 0.8, which was
generated by GNU Autoconf 2.69.  Invocation command line was

  $ ./configure 

## --------- ##
## Platform. ##
## --------- ##

hostname = syf-work
uname -m = x86_64
uname -r = 4.19.2
uname -s = Linux
uname -v = #2 SMP Mon Dec 3 17:15:58 CST 2018

/usr/bin/uname -p = unknown
/bin/uname -X     = unknown

/bin/arch              = unknown
/usr/bin/arch -k       = unknown
/usr/convex/getsysinfo = unknown
/usr/bin/hostinfo      = unknown
/bin/machine           = unknown
/usr/bin/oslevel       = unknown
/bin/universe          = unknown

PATH: /usr/local/openssl/bin
PATH: /usr/local/sbin
PATH: /usr/local/bin
PATH: /usr/sbin
PATH: /usr/bin
PATH: /sbin
PATH: /bin
PATH: /usr/games
PATH: /usr/local/games
PATH: /home/syf/bin
PATH: /home/syf/work/kaldi/tools/srilm-1.7.2/bin/


## ----------- ##
## Core tests. ##
## ----------- ##

configure:2567: checking for a BSD-compatible install
configure:2635: result: /usr/bin/install -c
configure:2646: checking whether build environment is sane
configure:2701: result: yes
configure:2852: checking for a thread-safe mkdir -p
configure:2891: result: /bin/mkdir -p
configure:2898: checking for gawk
configure:2928: result: no
configure:2898: checking for mawk
configure:2914: found /usr/bin/mawk
configure:2925: result: mawk
configure:2936: checking whether make sets $(MAKE)
configure:2958: result: yes
configure:2987: checking whether make supports nested variables
configure:3004: result: yes
configure:3129: checking build system type
configure:3143: result: x86_64-unknown-linux-gnu
configure:3163: checking host system type
configure:3176: result: x86_64-unknown-linux-gnu
configure:3223: checking for style of include used by make
configure:3251: result: GNU
configure:3322: checking for gcc
configure:3338: found /usr/bin/gcc
configure:3349: result: gcc
configure:3578: checking for C compiler version
configure:3587: gcc --version >&5
gcc (Ubuntu 4.8.5-4ubuntu8) 4.8.5
Copyright (C) 2015 Free Software Foundation, Inc.
This is free software; see the source for copying conditions.  There is NO
warranty; not even for MERCHANTABILITY or FITNESS FOR A PARTICULAR PURPOSE.

configure:3598: $? = 0
configure:3587: gcc -v >&5
Using built-in specs.
COLLECT_GCC=gcc
COLLECT_LTO_WRAPPER=/usr/lib/gcc/x86_64-linux-gnu/4.8/lto-wrapper
Target: x86_64-linux-gnu
Configured with: ../src/configure -v --with-pkgversion='Ubuntu 4.8.5-4ubuntu8' --with-bugurl=file:///usr/share/doc/gcc-4.8/README.Bugs --enable-languages=c,c++,go,d,fortran,objc,obj-c++ --prefix=/usr --program-suffix=-4.8 --enable-shared --enable-linker-build-id --libexecdir=/usr/lib --without-included-gettext --enable-threads=posix --with-gxx-include-dir=/usr/include/c++/4.8 --libdir=/usr/lib --enable-nls --with-sysroot=/ --enable-clocale=gnu --enable-libstdcxx-debug --enable-libstdcxx-time=yes --enable-gnu-unique-object --disable-libmudflap --enable-plugin --with-system-zlib --enable-objc-gc --enable-multiarch --disable-werror --with-arch-32=i686 --with-abi=m64 --with-multilib-list=m32,m64,mx32 --with-tune=generic --enable-checking=release --build=x86_64-linux-gnu --host=x86_64-linux-gnu --target=x86_64-linux-gnu
Thread model: posix
gcc version 4.8.5 (Ubuntu 4.8.5-4ubuntu8) 
configure:3598: $? = 0
configure:3587: gcc -V >&5
gcc: error: unrecognized command line option '-V'
gcc: fatal error: no input files
compilation terminated.
configure:3598: $? = 4
configure:3587: gcc -qversion >&5
gcc: error: unrecognized command line option '-qversion'
gcc: fatal error: no input files
compilation terminated.
configure:3598: $? = 4
configure:3618: checking whether the C compiler works
configure:3640: gcc -g -O2 -Wall   conftest.c  >&5
configure:3644: $? = 0
configure:3692: result: yes
configure:3695: checking for C compiler default output file name
configure:3697: result: a.out
configure:3703: checking for suffix of executables
configure:3710: gcc -o conftest -g -O2 -Wall   conftest.c  >&5
configure:3714: $? = 0
configure:3736: result: 
configure:3758: checking whether we are cross compiling
configure:3766: gcc -o conftest -g -O2 -Wall   conftest.c  >&5
configure:3770: $? = 0
configure:3777: ./conftest
configure:3781: $? = 0
configure:3796: result: no
configure:3801: checking for suffix of object files
configure:3823: gcc -c -g -O2 -Wall  conftest.c >&5
configure:3827: $? = 0
configure:3848: result: o
configure:3852: checking whether we are using the GNU C compiler
configure:3871: gcc -c -g -O2 -Wall  conftest.c >&5
configure:3871: $? = 0
configure:3880: result: yes
configure:3889: checking whether gcc accepts -g
configure:3909: gcc -c -g  conftest.c >&5
configure:3909: $? = 0
configure:3950: result: yes
configure:3967: checking for gcc option to accept ISO C89
configure:4030: gcc  -c -g -O2 -Wall  conftest.c >&5
configure:4030: $? = 0
configure:4043: result: none needed
configure:4068: checking whether gcc understands -c and -o together
configure:4090: gcc -c conftest.c -o conftest2.o
configure:4093: $? = 0
configure:4090: gcc -c conftest.c -o conftest2.o
configure:4093: $? = 0
configure:4105: result: yes
configure:4124: checking dependency style of gcc
configure:4235: result: gcc3
configure:4251: checking for library containing strerror
configure:4282: gcc -o conftest -g -O2 -Wall   conftest.c  >&5
configure:4282: $? = 0
configure:4299: result: none required
configure:4355: checking for gcc
configure:4382: result: gcc
configure:4611: checking for C compiler version
configure:4620: gcc --version >&5
gcc (Ubuntu 4.8.5-4ubuntu8) 4.8.5
Copyright (C) 2015 Free Software Foundation, Inc.
This is free software; see the source for copying conditions.  There is NO
warranty; not even for MERCHANTABILITY or FITNESS FOR A PARTICULAR PURPOSE.

configure:4631: $? = 0
configure:4620: gcc -v >&5
Using built-in specs.
COLLECT_GCC=gcc
COLLECT_LTO_WRAPPER=/usr/lib/gcc/x86_64-linux-gnu/4.8/lto-wrapper
Target: x86_64-linux-gnu
Configured with: ../src/configure -v --with-pkgversion='Ubuntu 4.8.5-4ubuntu8' --with-bugurl=file:///usr/share/doc/gcc-4.8/README.Bugs --enable-languages=c,c++,go,d,fortran,objc,obj-c++ --prefix=/usr --program-suffix=-4.8 --enable-shared --enable-linker-build-id --libexecdir=/usr/lib --without-included-gettext --enable-threads=posix --with-gxx-include-dir=/usr/include/c++/4.8 --libdir=/usr/lib --enable-nls --with-sysroot=/ --enable-clocale=gnu --enable-libstdcxx-debug --enable-libstdcxx-time=yes --enable-gnu-unique-object --disable-libmudflap --enable-plugin --with-system-zlib --enable-objc-gc --enable-multiarch --disable-werror --with-arch-32=i686 --with-abi=m64 --with-multilib-list=m32,m64,mx32 --with-tune=generic --enable-checking=release --build=x86_64-linux-gnu --host=x86_64-linux-gnu --target=x86_64-linux-gnu
Thread model: posix
gcc version 4.8.5 (Ubuntu 4.8.5-4ubuntu8) 
configure:4631: $? = 0
configure:4620: gcc -V >&5
gcc: error: unrecognized command line option '-V'
gcc: fatal error: no input files
compilation terminated.
configure:4631: $? = 4
configure:4620: gcc -qversion >&5
gcc: error: unrecognized command line option '-qversion'
gcc: fatal error: no input files
compilation terminated.
configure:4631: $? = 4
configure:4635: checking whether we are using the GNU C compiler
configure:4663: result: yes
configure:4672: checking whether gcc accepts -g
configure:4733: result: yes
configure:4750: checking for gcc option to accept ISO C89
configure:4826: result: none needed
configure:4851: checking whether gcc understands -c and -o together
configure:4888: result: yes
configure:4907: checking dependency style of gcc
configure:5018: result: gcc3
configure:5037: checking for gcc option to accept ISO C99
configure:5186: gcc  -c -g -O2 -Wall  conftest.c >&5
conftest.c:59:29: error: expected ';', ',' or ')' before 'text'
 test_restrict (ccp restrict text)
                             ^
conftest.c: In function 'test_varargs':
conftest.c:80:9: warning: variable 'fnumber' set but not used [-Wunused-but-set-variable]
   float fnumber;
         ^
conftest.c:79:7: warning: variable 'number' set but not used [-Wunused-but-set-variable]
   int number;
       ^
conftest.c:78:15: warning: variable 'str' set but not used [-Wunused-but-set-variable]
   const char *str;
               ^
conftest.c: In function 'main':
conftest.c:111:3: warning: implicit declaration of function 'test_restrict' [-Wimplicit-function-declaration]
   if (test_restrict ("String literal") == 0)
   ^
conftest.c:113:18: error: expected '=', ',', ';', 'asm' or '__attribute__' before 'newvar'
   char *restrict newvar = "Another string";
                  ^
conftest.c:113:18: error: 'newvar' undeclared (first use in this function)
conftest.c:113:18: note: each undeclared identifier is reported only once for each function it appears in
conftest.c:123:3: error: 'for' loop initial declarations are only allowed in C99 mode
   for (int i = 0; i < ia->datasize; ++i)
   ^
conftest.c:123:3: note: use option -std=c99 or -std=gnu99 to compile your code
configure:5186: $? = 1
configure: failed program was:
| /* confdefs.h */
| #define PACKAGE_NAME "sphinxbase"
| #define PACKAGE_TARNAME "sphinxbase"
| #define PACKAGE_VERSION "0.8"
| #define PACKAGE_STRING "sphinxbase 0.8"
| #define PACKAGE_BUGREPORT ""
| #define PACKAGE_URL ""
| /* end confdefs.h.  */
| #include <stdarg.h>
| #include <stdbool.h>
| #include <stdlib.h>
| #include <wchar.h>
| #include <stdio.h>
| 
| // Check varargs macros.  These examples are taken from C99 6.10.3.5.
| #define debug(...) fprintf (stderr, __VA_ARGS__)
| #define showlist(...) puts (#__VA_ARGS__)
| #define report(test,...) ((test) ? puts (#test) : printf (__VA_ARGS__))
| static void
| test_varargs_macros (void)
| {
|   int x = 1234;
|   int y = 5678;
|   debug ("Flag");
|   debug ("X = %d\n", x);
|   showlist (The first, second, and third items.);
|   report (x>y, "x is %d but y is %d", x, y);
| }
| 
| // Check long long types.
| #define BIG64 18446744073709551615ull
| #define BIG32 4294967295ul
| #define BIG_OK (BIG64 / BIG32 == 4294967297ull && BIG64 % BIG32 == 0)
| #if !BIG_OK
|   your preprocessor is broken;
| #endif
| #if BIG_OK
| #else
|   your preprocessor is broken;
| #endif
| static long long int bignum = -9223372036854775807LL;
| static unsigned long long int ubignum = BIG64;
| 
| struct incomplete_array
| {
|   int datasize;
|   double data[];
| };
| 
| struct named_init {
|   int number;
|   const wchar_t *name;
|   double average;
| };
| 
| typedef const char *ccp;
| 
| static inline int
| test_restrict (ccp restrict text)
| {
|   // See if C++-style comments work.
|   // Iterate through items via the restricted pointer.
|   // Also check for declarations in for loops.
|   for (unsigned int i = 0; *(text+i) != '\0'; ++i)
|     continue;
|   return 0;
| }
| 
| // Check varargs and va_copy.
| static void
| test_varargs (const char *format, ...)
| {
|   va_list args;
|   va_start (args, format);
|   va_list args_copy;
|   va_copy (args_copy, args);
| 
|   const char *str;
|   int number;
|   float fnumber;
| 
|   while (*format)
|     {
|       switch (*format++)
| 	{
| 	case 's': // string
| 	  str = va_arg (args_copy, const char *);
| 	  break;
| 	case 'd': // int
| 	  number = va_arg (args_copy, int);
| 	  break;
| 	case 'f': // float
| 	  fnumber = va_arg (args_copy, double);
| 	  break;
| 	default:
| 	  break;
| 	}
|     }
|   va_end (args_copy);
|   va_end (args);
| }
| 
| int
| main ()
| {
| 
|   // Check bool.
|   _Bool success = false;
| 
|   // Check restrict.
|   if (test_restrict ("String literal") == 0)
|     success = true;
|   char *restrict newvar = "Another string";
| 
|   // Check varargs.
|   test_varargs ("s, d' f .", "string", 65, 34.234);
|   test_varargs_macros ();
| 
|   // Check flexible array members.
|   struct incomplete_array *ia =
|     malloc (sizeof (struct incomplete_array) + (sizeof (double) * 10));
|   ia->datasize = 10;
|   for (int i = 0; i < ia->datasize; ++i)
|     ia->data[i] = i * 1.234;
| 
|   // Check named initializers.
|   struct named_init ni = {
|     .number = 34,
|     .name = L"Test wide string",
|     .average = 543.34343,
|   };
| 
|   ni.number = 58;
| 
|   int dynamic_array[ni.number];
|   dynamic_array[ni.number - 1] = 543;
| 
|   // work around unused variable warnings
|   return (!success || bignum == 0LL || ubignum == 0uLL || newvar[0] == 'x'
| 	  || dynamic_array[ni.number - 1] != 543);
| 
|   ;
|   return 0;
| }
configure:5186: gcc -std=gnu99 -c -g -O2 -Wall  conftest.c >&5
conftest.c: In function 'test_varargs':
conftest.c:80:9: warning: variable 'fnumber' set but not used [-Wunused-but-set-variable]
   float fnumber;
         ^
conftest.c:79:7: warning: variable 'number' set but not used [-Wunused-but-set-variable]
   int number;
       ^
conftest.c:78:15: warning: variable 'str' set but not used [-Wunused-but-set-variable]
   const char *str;
               ^
configure:5186: $? = 0
configure:5206: result: -std=gnu99
configure:5307: checking for gcc -std=gnu99 option to accept ISO Standard C
configure:5321: result: -std=gnu99
configure:5330: checking for bison
configure:5346: found /usr/bin/bison
configure:5358: result: bison -y
configure:5377: checking how to run the C preprocessor
configure:5408: gcc -std=gnu99 -E  conftest.c
configure:5408: $? = 0
configure:5422: gcc -std=gnu99 -E  conftest.c
conftest.c:9:28: fatal error: ac_nonexistent.h: No such file or directory
 #include <ac_nonexistent.h>
                            ^
compilation terminated.
configure:5422: $? = 1
configure: failed program was:
| /* confdefs.h */
| #define PACKAGE_NAME "sphinxbase"
| #define PACKAGE_TARNAME "sphinxbase"
| #define PACKAGE_VERSION "0.8"
| #define PACKAGE_STRING "sphinxbase 0.8"
| #define PACKAGE_BUGREPORT ""
| #define PACKAGE_URL ""
| /* end confdefs.h.  */
| #include <ac_nonexistent.h>
configure:5447: result: gcc -std=gnu99 -E
configure:5467: gcc -std=gnu99 -E  conftest.c
configure:5467: $? = 0
configure:5481: gcc -std=gnu99 -E  conftest.c
conftest.c:9:28: fatal error: ac_nonexistent.h: No such file or directory
 #include <ac_nonexistent.h>
                            ^
compilation terminated.
configure:5481: $? = 1
configure: failed program was:
| /* confdefs.h */
| #define PACKAGE_NAME "sphinxbase"
| #define PACKAGE_TARNAME "sphinxbase"
| #define PACKAGE_VERSION "0.8"
| #define PACKAGE_STRING "sphinxbase 0.8"
| #define PACKAGE_BUGREPORT ""
| #define PACKAGE_URL ""
| /* end confdefs.h.  */
| #include <ac_nonexistent.h>
configure:5510: checking for grep that handles long lines and -e
configure:5568: result: /bin/grep
configure:5573: checking for egrep
configure:5635: result: /bin/grep -E
configure:5640: checking for ANSI C header files
configure:5660: gcc -std=gnu99 -c -g -O2 -Wall  conftest.c >&5
configure:5660: $? = 0
configure:5733: gcc -std=gnu99 -o conftest -g -O2 -Wall   conftest.c  >&5
configure:5733: $? = 0
configure:5733: ./conftest
configure:5733: $? = 0
configure:5744: result: yes
configure:5757: checking for sys/types.h
configure:5757: gcc -std=gnu99 -c -g -O2 -Wall  conftest.c >&5
configure:5757: $? = 0
configure:5757: result: yes
configure:5757: checking for sys/stat.h
configure:5757: gcc -std=gnu99 -c -g -O2 -Wall  conftest.c >&5
configure:5757: $? = 0
configure:5757: result: yes
configure:5757: checking for stdlib.h
configure:5757: gcc -std=gnu99 -c -g -O2 -Wall  conftest.c >&5
configure:5757: $? = 0
configure:5757: result: yes
configure:5757: checking for string.h
configure:5757: gcc -std=gnu99 -c -g -O2 -Wall  conftest.c >&5
configure:5757: $? = 0
configure:5757: result: yes
configure:5757: checking for memory.h
configure:5757: gcc -std=gnu99 -c -g -O2 -Wall  conftest.c >&5
configure:5757: $? = 0
configure:5757: result: yes
configure:5757: checking for strings.h
configure:5757: gcc -std=gnu99 -c -g -O2 -Wall  conftest.c >&5
configure:5757: $? = 0
configure:5757: result: yes
configure:5757: checking for inttypes.h
configure:5757: gcc -std=gnu99 -c -g -O2 -Wall  conftest.c >&5
configure:5757: $? = 0
configure:5757: result: yes
configure:5757: checking for stdint.h
configure:5757: gcc -std=gnu99 -c -g -O2 -Wall  conftest.c >&5
configure:5757: $? = 0
configure:5757: result: yes
configure:5757: checking for unistd.h
configure:5757: gcc -std=gnu99 -c -g -O2 -Wall  conftest.c >&5
configure:5757: $? = 0
configure:5757: result: yes
configure:5769: checking whether byte ordering is bigendian
configure:5784: gcc -std=gnu99 -c -g -O2 -Wall  conftest.c >&5
conftest.c:20:9: error: unknown type name 'not'
         not a universal capable compiler
         ^
conftest.c:20:15: error: expected '=', ',', ';', 'asm' or '__attribute__' before 'universal'
         not a universal capable compiler
               ^
conftest.c:20:15: error: unknown type name 'universal'
configure:5784: $? = 1
configure: failed program was:
| /* confdefs.h */
| #define PACKAGE_NAME "sphinxbase"
| #define PACKAGE_TARNAME "sphinxbase"
| #define PACKAGE_VERSION "0.8"
| #define PACKAGE_STRING "sphinxbase 0.8"
| #define PACKAGE_BUGREPORT ""
| #define PACKAGE_URL ""
| #define STDC_HEADERS 1
| #define HAVE_SYS_TYPES_H 1
| #define HAVE_SYS_STAT_H 1
| #define HAVE_STDLIB_H 1
| #define HAVE_STRING_H 1
| #define HAVE_MEMORY_H 1
| #define HAVE_STRINGS_H 1
| #define HAVE_INTTYPES_H 1
| #define HAVE_STDINT_H 1
| #define HAVE_UNISTD_H 1
| /* end confdefs.h.  */
| #ifndef __APPLE_CC__
| 	       not a universal capable compiler
| 	     #endif
| 	     typedef int dummy;
| 
configure:5829: gcc -std=gnu99 -c -g -O2 -Wall  conftest.c >&5
configure:5829: $? = 0
configure:5847: gcc -std=gnu99 -c -g -O2 -Wall  conftest.c >&5
conftest.c: In function 'main':
conftest.c:26:4: error: unknown type name 'not'
    not big endian
    ^
conftest.c:26:12: error: expected '=', ',', ';', 'asm' or '__attribute__' before 'endian'
    not big endian
            ^
configure:5847: $? = 1
configure: failed program was:
| /* confdefs.h */
| #define PACKAGE_NAME "sphinxbase"
| #define PACKAGE_TARNAME "sphinxbase"
| #define PACKAGE_VERSION "0.8"
| #define PACKAGE_STRING "sphinxbase 0.8"
| #define PACKAGE_BUGREPORT ""
| #define PACKAGE_URL ""
| #define STDC_HEADERS 1
| #define HAVE_SYS_TYPES_H 1
| #define HAVE_SYS_STAT_H 1
| #define HAVE_STDLIB_H 1
| #define HAVE_STRING_H 1
| #define HAVE_MEMORY_H 1
| #define HAVE_STRINGS_H 1
| #define HAVE_INTTYPES_H 1
| #define HAVE_STDINT_H 1
| #define HAVE_UNISTD_H 1
| /* end confdefs.h.  */
| #include <sys/types.h>
| 		#include <sys/param.h>
| 
| int
| main ()
| {
| #if BYTE_ORDER != BIG_ENDIAN
| 		 not big endian
| 		#endif
| 
|   ;
|   return 0;
| }
configure:5975: result: no
configure:5993: checking return type of signal handlers
configure:6011: gcc -std=gnu99 -c -g -O2 -Wall  conftest.c >&5
conftest.c: In function 'main':
conftest.c:25:1: error: void value not ignored as it ought to be
 return *(signal (0, 0)) (0) == 1;
 ^
configure:6011: $? = 1
configure: failed program was:
| /* confdefs.h */
| #define PACKAGE_NAME "sphinxbase"
| #define PACKAGE_TARNAME "sphinxbase"
| #define PACKAGE_VERSION "0.8"
| #define PACKAGE_STRING "sphinxbase 0.8"
| #define PACKAGE_BUGREPORT ""
| #define PACKAGE_URL ""
| #define STDC_HEADERS 1
| #define HAVE_SYS_TYPES_H 1
| #define HAVE_SYS_STAT_H 1
| #define HAVE_STDLIB_H 1
| #define HAVE_STRING_H 1
| #define HAVE_MEMORY_H 1
| #define HAVE_STRINGS_H 1
| #define HAVE_INTTYPES_H 1
| #define HAVE_STDINT_H 1
| #define HAVE_UNISTD_H 1
| /* end confdefs.h.  */
| #include <sys/types.h>
| #include <signal.h>
| 
| int
| main ()
| {
| return *(signal (0, 0)) (0) == 1;
|   ;
|   return 0;
| }
configure:6018: result: void
configure:6026: checking for long long
configure:6026: gcc -std=gnu99 -c -g -O2 -Wall  conftest.c >&5
configure:6026: $? = 0
configure:6026: gcc -std=gnu99 -c -g -O2 -Wall  conftest.c >&5
conftest.c: In function 'main':
conftest.c:56:24: error: expected expression before ')' token
 if (sizeof ((long long)))
                        ^
configure:6026: $? = 1
configure: failed program was:
| /* confdefs.h */
| #define PACKAGE_NAME "sphinxbase"
| #define PACKAGE_TARNAME "sphinxbase"
| #define PACKAGE_VERSION "0.8"
| #define PACKAGE_STRING "sphinxbase 0.8"
| #define PACKAGE_BUGREPORT ""
| #define PACKAGE_URL ""
| #define STDC_HEADERS 1
| #define HAVE_SYS_TYPES_H 1
| #define HAVE_SYS_STAT_H 1
| #define HAVE_STDLIB_H 1
| #define HAVE_STRING_H 1
| #define HAVE_MEMORY_H 1
| #define HAVE_STRINGS_H 1
| #define HAVE_INTTYPES_H 1
| #define HAVE_STDINT_H 1
| #define HAVE_UNISTD_H 1
| #define RETSIGTYPE void
| /* end confdefs.h.  */
| #include <stdio.h>
| #ifdef HAVE_SYS_TYPES_H
| # include <sys/types.h>
| #endif
| #ifdef HAVE_SYS_STAT_H
| # include <sys/stat.h>
| #endif
| #ifdef STDC_HEADERS
| # include <stdlib.h>
| # include <stddef.h>
| #else
| # ifdef HAVE_STDLIB_H
| #  include <stdlib.h>
| # endif
| #endif
| #ifdef HAVE_STRING_H
| # if !defined STDC_HEADERS && defined HAVE_MEMORY_H
| #  include <memory.h>
| # endif
| # include <string.h>
| #endif
| #ifdef HAVE_STRINGS_H
| # include <strings.h>
| #endif
| #ifdef HAVE_INTTYPES_H
| # include <inttypes.h>
| #endif
| #ifdef HAVE_STDINT_H
| # include <stdint.h>
| #endif
| #ifdef HAVE_UNISTD_H
| # include <unistd.h>
| #endif
| int
| main ()
| {
| if (sizeof ((long long)))
| 	    return 0;
|   ;
|   return 0;
| }
configure:6026: result: yes
configure:6040: checking size of long long
configure:6045: gcc -std=gnu99 -o conftest -g -O2 -Wall   conftest.c  >&5
configure:6045: $? = 0
configure:6045: ./conftest
configure:6045: $? = 0
configure:6059: result: 8
configure:6073: checking size of long
configure:6078: gcc -std=gnu99 -o conftest -g -O2 -Wall   conftest.c  >&5
configure:6078: $? = 0
configure:6078: ./conftest
configure:6078: $? = 0
configure:6092: result: 8
configure:6105: checking for popen
configure:6105: gcc -std=gnu99 -o conftest -g -O2 -Wall   conftest.c  >&5
configure:6105: $? = 0
configure:6105: result: yes
configure:6105: checking for perror
configure:6105: gcc -std=gnu99 -o conftest -g -O2 -Wall   conftest.c  >&5
configure:6105: $? = 0
configure:6105: result: yes
configure:6105: checking for snprintf
configure:6105: gcc -std=gnu99 -o conftest -g -O2 -Wall   conftest.c  >&5
conftest.c:48:6: warning: conflicting types for built-in function 'snprintf' [enabled by default]
 char snprintf ();
      ^
configure:6105: $? = 0
configure:6105: result: yes
configure:6114: checking errno.h usability
configure:6114: gcc -std=gnu99 -c -g -O2 -Wall  conftest.c >&5
configure:6114: $? = 0
configure:6114: result: yes
configure:6114: checking errno.h presence
configure:6114: gcc -std=gnu99 -E  conftest.c
configure:6114: $? = 0
configure:6114: result: yes
configure:6114: checking for errno.h
configure:6114: result: yes
configure:6160: checking for ld used by GCC
configure:6224: result: /usr/bin/ld
configure:6231: checking if the linker (/usr/bin/ld) is GNU ld
configure:6244: result: yes
configure:6251: checking for shared library run path origin
configure:6264: result: done
configure:6728: checking for iconv
configure:6750: gcc -std=gnu99 -o conftest -g -O2 -Wall   conftest.c  >&5
configure:6750: $? = 0
configure:6782: result: yes
configure:6803: checking for iconv declaration
configure:6832: gcc -std=gnu99 -c -g -O2 -Wall  conftest.c >&5
configure:6832: $? = 0
configure:6843: result: 
         extern size_t iconv (iconv_t cd, char * *inbuf, size_t *inbytesleft, char * *outbuf, size_t *outbytesleft);
configure:6867: checking for sgesv_ in -llapack
configure:6892: gcc -std=gnu99 -o conftest -g -O2 -Wall   conftest.c -llapack   >&5
configure:6892: $? = 0
configure:6901: result: yes
configure:6915: checking for sgemm_ in -lblas
configure:6940: gcc -std=gnu99 -o conftest -g -O2 -Wall   conftest.c -lblas  -llapack  >&5
configure:6940: $? = 0
configure:6949: result: yes
configure:6984: checking for log in -lm
configure:7009: gcc -std=gnu99 -o conftest -g -O2 -Wall   conftest.c -lm  -lblas -llapack  >&5
conftest.c:38:6: warning: conflicting types for built-in function 'log' [enabled by default]
 char log ();
      ^
configure:7009: $? = 0
configure:7018: result: yes
configure:7049: checking pthread.h usability
configure:7049: gcc -std=gnu99 -c -g -O2 -Wall  conftest.c >&5
configure:7049: $? = 0
configure:7049: result: yes
configure:7049: checking pthread.h presence
configure:7049: gcc -std=gnu99 -E  conftest.c
configure:7049: $? = 0
configure:7049: result: yes
configure:7049: checking for pthread.h
configure:7049: result: yes
configure:7059: checking for pthread_create in -lpthread
configure:7084: gcc -std=gnu99 -o conftest -g -O2 -Wall   conftest.c -lpthread  -lm -lblas -llapack  >&5
configure:7084: $? = 0
configure:7093: result: yes
configure:7180: checking pulse/pulseaudio.h usability
configure:7180: gcc -std=gnu99 -c -g -O2 -Wall  conftest.c >&5
conftest.c:68:30: fatal error: pulse/pulseaudio.h: No such file or directory
 #include <pulse/pulseaudio.h>
                              ^
compilation terminated.
configure:7180: $? = 1
configure: failed program was:
| /* confdefs.h */
| #define PACKAGE_NAME "sphinxbase"
| #define PACKAGE_TARNAME "sphinxbase"
| #define PACKAGE_VERSION "0.8"
| #define PACKAGE_STRING "sphinxbase 0.8"
| #define PACKAGE_BUGREPORT ""
| #define PACKAGE_URL ""
| #define STDC_HEADERS 1
| #define HAVE_SYS_TYPES_H 1
| #define HAVE_SYS_STAT_H 1
| #define HAVE_STDLIB_H 1
| #define HAVE_STRING_H 1
| #define HAVE_MEMORY_H 1
| #define HAVE_STRINGS_H 1
| #define HAVE_INTTYPES_H 1
| #define HAVE_STDINT_H 1
| #define HAVE_UNISTD_H 1
| #define RETSIGTYPE void
| #define HAVE_LONG_LONG 1
| #define SIZEOF_LONG_LONG 8
| #define SIZEOF_LONG 8
| #define HAVE_POPEN 1
| #define HAVE_PERROR 1
| #define HAVE_SNPRINTF 1
| #define HAVE_ICONV 1
| #define ICONV_CONST 
| #define HAVE_LIBLAPACK 1
| #define HAVE_LIBBLAS 1
| #define WITH_LAPACK /**/
| #define HAVE_LIBM 1
| #define HAVE_PTHREAD_H 1
| #define HAVE_LIBPTHREAD 1
| #define ENABLE_THREADS /**/
| /* end confdefs.h.  */
| #include <stdio.h>
| #ifdef HAVE_SYS_TYPES_H
| # include <sys/types.h>
| #endif
| #ifdef HAVE_SYS_STAT_H
| # include <sys/stat.h>
| #endif
| #ifdef STDC_HEADERS
| # include <stdlib.h>
| # include <stddef.h>
| #else
| # ifdef HAVE_STDLIB_H
| #  include <stdlib.h>
| # endif
| #endif
| #ifdef HAVE_STRING_H
| # if !defined STDC_HEADERS && defined HAVE_MEMORY_H
| #  include <memory.h>
| # endif
| # include <string.h>
| #endif
| #ifdef HAVE_STRINGS_H
| # include <strings.h>
| #endif
| #ifdef HAVE_INTTYPES_H
| # include <inttypes.h>
| #endif
| #ifdef HAVE_STDINT_H
| # include <stdint.h>
| #endif
| #ifdef HAVE_UNISTD_H
| # include <unistd.h>
| #endif
| #include <pulse/pulseaudio.h>
configure:7180: result: no
configure:7180: checking pulse/pulseaudio.h presence
configure:7180: gcc -std=gnu99 -E  conftest.c
conftest.c:35:30: fatal error: pulse/pulseaudio.h: No such file or directory
 #include <pulse/pulseaudio.h>
                              ^
compilation terminated.
configure:7180: $? = 1
configure: failed program was:
| /* confdefs.h */
| #define PACKAGE_NAME "sphinxbase"
| #define PACKAGE_TARNAME "sphinxbase"
| #define PACKAGE_VERSION "0.8"
| #define PACKAGE_STRING "sphinxbase 0.8"
| #define PACKAGE_BUGREPORT ""
| #define PACKAGE_URL ""
| #define STDC_HEADERS 1
| #define HAVE_SYS_TYPES_H 1
| #define HAVE_SYS_STAT_H 1
| #define HAVE_STDLIB_H 1
| #define HAVE_STRING_H 1
| #define HAVE_MEMORY_H 1
| #define HAVE_STRINGS_H 1
| #define HAVE_INTTYPES_H 1
| #define HAVE_STDINT_H 1
| #define HAVE_UNISTD_H 1
| #define RETSIGTYPE void
| #define HAVE_LONG_LONG 1
| #define SIZEOF_LONG_LONG 8
| #define SIZEOF_LONG 8
| #define HAVE_POPEN 1
| #define HAVE_PERROR 1
| #define HAVE_SNPRINTF 1
| #define HAVE_ICONV 1
| #define ICONV_CONST 
| #define HAVE_LIBLAPACK 1
| #define HAVE_LIBBLAS 1
| #define WITH_LAPACK /**/
| #define HAVE_LIBM 1
| #define HAVE_PTHREAD_H 1
| #define HAVE_LIBPTHREAD 1
| #define ENABLE_THREADS /**/
| /* end confdefs.h.  */
| #include <pulse/pulseaudio.h>
configure:7180: result: no
configure:7180: checking for pulse/pulseaudio.h
configure:7180: result: no
configure:7281: checking jack/jack.h usability
configure:7281: gcc -std=gnu99 -c -g -O2 -Wall  conftest.c >&5
conftest.c:68:23: fatal error: jack/jack.h: No such file or directory
 #include <jack/jack.h>
                       ^
compilation terminated.
configure:7281: $? = 1
configure: failed program was:
| /* confdefs.h */
| #define PACKAGE_NAME "sphinxbase"
| #define PACKAGE_TARNAME "sphinxbase"
| #define PACKAGE_VERSION "0.8"
| #define PACKAGE_STRING "sphinxbase 0.8"
| #define PACKAGE_BUGREPORT ""
| #define PACKAGE_URL ""
| #define STDC_HEADERS 1
| #define HAVE_SYS_TYPES_H 1
| #define HAVE_SYS_STAT_H 1
| #define HAVE_STDLIB_H 1
| #define HAVE_STRING_H 1
| #define HAVE_MEMORY_H 1
| #define HAVE_STRINGS_H 1
| #define HAVE_INTTYPES_H 1
| #define HAVE_STDINT_H 1
| #define HAVE_UNISTD_H 1
| #define RETSIGTYPE void
| #define HAVE_LONG_LONG 1
| #define SIZEOF_LONG_LONG 8
| #define SIZEOF_LONG 8
| #define HAVE_POPEN 1
| #define HAVE_PERROR 1
| #define HAVE_SNPRINTF 1
| #define HAVE_ICONV 1
| #define ICONV_CONST 
| #define HAVE_LIBLAPACK 1
| #define HAVE_LIBBLAS 1
| #define WITH_LAPACK /**/
| #define HAVE_LIBM 1
| #define HAVE_PTHREAD_H 1
| #define HAVE_LIBPTHREAD 1
| #define ENABLE_THREADS /**/
| /* end confdefs.h.  */
| #include <stdio.h>
| #ifdef HAVE_SYS_TYPES_H
| # include <sys/types.h>
| #endif
| #ifdef HAVE_SYS_STAT_H
| # include <sys/stat.h>
| #endif
| #ifdef STDC_HEADERS
| # include <stdlib.h>
| # include <stddef.h>
| #else
| # ifdef HAVE_STDLIB_H
| #  include <stdlib.h>
| # endif
| #endif
| #ifdef HAVE_STRING_H
| # if !defined STDC_HEADERS && defined HAVE_MEMORY_H
| #  include <memory.h>
| # endif
| # include <string.h>
| #endif
| #ifdef HAVE_STRINGS_H
| # include <strings.h>
| #endif
| #ifdef HAVE_INTTYPES_H
| # include <inttypes.h>
| #endif
| #ifdef HAVE_STDINT_H
| # include <stdint.h>
| #endif
| #ifdef HAVE_UNISTD_H
| # include <unistd.h>
| #endif
| #include <jack/jack.h>
configure:7281: result: no
configure:7281: checking jack/jack.h presence
configure:7281: gcc -std=gnu99 -E  conftest.c
conftest.c:35:23: fatal error: jack/jack.h: No such file or directory
 #include <jack/jack.h>
                       ^
compilation terminated.
configure:7281: $? = 1
configure: failed program was:
| /* confdefs.h */
| #define PACKAGE_NAME "sphinxbase"
| #define PACKAGE_TARNAME "sphinxbase"
| #define PACKAGE_VERSION "0.8"
| #define PACKAGE_STRING "sphinxbase 0.8"
| #define PACKAGE_BUGREPORT ""
| #define PACKAGE_URL ""
| #define STDC_HEADERS 1
| #define HAVE_SYS_TYPES_H 1
| #define HAVE_SYS_STAT_H 1
| #define HAVE_STDLIB_H 1
| #define HAVE_STRING_H 1
| #define HAVE_MEMORY_H 1
| #define HAVE_STRINGS_H 1
| #define HAVE_INTTYPES_H 1
| #define HAVE_STDINT_H 1
| #define HAVE_UNISTD_H 1
| #define RETSIGTYPE void
| #define HAVE_LONG_LONG 1
| #define SIZEOF_LONG_LONG 8
| #define SIZEOF_LONG 8
| #define HAVE_POPEN 1
| #define HAVE_PERROR 1
| #define HAVE_SNPRINTF 1
| #define HAVE_ICONV 1
| #define ICONV_CONST 
| #define HAVE_LIBLAPACK 1
| #define HAVE_LIBBLAS 1
| #define WITH_LAPACK /**/
| #define HAVE_LIBM 1
| #define HAVE_PTHREAD_H 1
| #define HAVE_LIBPTHREAD 1
| #define ENABLE_THREADS /**/
| /* end confdefs.h.  */
| #include <jack/jack.h>
configure:7281: result: no
configure:7281: checking for jack/jack.h
configure:7281: result: no
configure:7336: checking alsa/asoundlib.h usability
configure:7336: gcc -std=gnu99 -c -g -O2 -Wall  conftest.c >&5
configure:7336: $? = 0
configure:7336: result: yes
configure:7336: checking alsa/asoundlib.h presence
configure:7336: gcc -std=gnu99 -E  conftest.c
configure:7336: $? = 0
configure:7336: result: yes
configure:7336: checking for alsa/asoundlib.h
configure:7336: result: yes
configure:7344: checking for snd_pcm_open in -lasound
configure:7369: gcc -std=gnu99 -o conftest -g -O2 -Wall   conftest.c -lasound  -lpthread -lm -lblas -llapack  >&5
configure:7369: $? = 0
configure:7378: result: yes
configure:7478: checking how to print strings
configure:7505: result: printf
configure:7526: checking for a sed that does not truncate output
configure:7590: result: /bin/sed
configure:7608: checking for fgrep
configure:7670: result: /bin/grep -F
configure:7705: checking for ld used by gcc -std=gnu99
configure:7772: result: /usr/bin/ld
configure:7779: checking if the linker (/usr/bin/ld) is GNU ld
configure:7794: result: yes
configure:7806: checking for BSD- or MS-compatible name lister (nm)
configure:7860: result: /usr/bin/nm -B
configure:7990: checking the name lister (/usr/bin/nm -B) interface
configure:7997: gcc -std=gnu99 -c -g -O2 -Wall  conftest.c >&5
configure:8000: /usr/bin/nm -B "conftest.o"
configure:8003: output
0000000000000000 B some_variable
configure:8010: result: BSD nm
configure:8013: checking whether ln -s works
configure:8017: result: yes
configure:8025: checking the maximum length of command line arguments
configure:8156: result: 1572864
configure:8204: checking how to convert x86_64-unknown-linux-gnu file names to x86_64-unknown-linux-gnu format
configure:8244: result: func_convert_file_noop
configure:8251: checking how to convert x86_64-unknown-linux-gnu file names to toolchain format
configure:8271: result: func_convert_file_noop
configure:8278: checking for /usr/bin/ld option to reload object files
configure:8285: result: -r
configure:8359: checking for objdump
configure:8375: found /usr/bin/objdump
configure:8386: result: objdump
configure:8418: checking how to recognize dependent libraries
configure:8618: result: pass_all
configure:8703: checking for dlltool
configure:8733: result: no
configure:8763: checking how to associate runtime and link libraries
configure:8790: result: printf %s\n
configure:8850: checking for ar
configure:8866: found /usr/bin/ar
configure:8877: result: ar
configure:8914: checking for archiver @FILE support
configure:8931: gcc -std=gnu99 -c -g -O2 -Wall  conftest.c >&5
configure:8931: $? = 0
configure:8934: ar cru libconftest.a @conftest.lst >&5
ar: `u' modifier ignored since `D' is the default (see `U')
configure:8937: $? = 0
configure:8942: ar cru libconftest.a @conftest.lst >&5
ar: `u' modifier ignored since `D' is the default (see `U')
ar: conftest.o: No such file or directory
configure:8945: $? = 1
configure:8957: result: @
configure:9015: checking for strip
configure:9031: found /usr/bin/strip
configure:9042: result: strip
configure:9114: checking for ranlib
configure:9130: found /usr/bin/ranlib
configure:9141: result: ranlib
configure:9243: checking command to parse /usr/bin/nm -B output from gcc -std=gnu99 object
configure:9396: gcc -std=gnu99 -c -g -O2 -Wall  conftest.c >&5
configure:9399: $? = 0
configure:9403: /usr/bin/nm -B conftest.o \| sed -n -e 's/^.*[ ]\([ABCDGIRSTW][ABCDGIRSTW]*\)[ ][ ]*\([_A-Za-z][_A-Za-z0-9]*\)$/\1 \2 \2/p' | sed '/ __gnu_lto/d' \> conftest.nm
configure:9406: $? = 0
configure:9472: gcc -std=gnu99 -o conftest -g -O2 -Wall   conftest.c conftstm.o >&5
configure:9475: $? = 0
configure:9513: result: ok
configure:9560: checking for sysroot
configure:9590: result: no
configure:9597: checking for a working dd
configure:9635: result: /bin/dd
configure:9639: checking how to truncate binary pipes
configure:9654: result: /bin/dd bs=4096 count=1
configure:9790: gcc -std=gnu99 -c -g -O2 -Wall  conftest.c >&5
configure:9793: $? = 0
configure:9983: checking for mt
configure:9999: found /bin/mt
configure:10010: result: mt
configure:10033: checking if mt is a manifest tool
configure:10039: mt '-?'
configure:10047: result: no
configure:10721: checking for dlfcn.h
configure:10721: gcc -std=gnu99 -c -g -O2 -Wall  conftest.c >&5
configure:10721: $? = 0
configure:10721: result: yes
configure:10977: checking for objdir
configure:10992: result: .libs
configure:11256: checking if gcc -std=gnu99 supports -fno-rtti -fno-exceptions
configure:11274: gcc -std=gnu99 -c -g -O2 -Wall  -fno-rtti -fno-exceptions conftest.c >&5
cc1: warning: command line option '-fno-rtti' is valid for C++/ObjC++ but not for C [enabled by default]
configure:11278: $? = 0
configure:11291: result: no
configure:11649: checking for gcc -std=gnu99 option to produce PIC
configure:11656: result: -fPIC -DPIC
configure:11664: checking if gcc -std=gnu99 PIC flag -fPIC -DPIC works
configure:11682: gcc -std=gnu99 -c -g -O2 -Wall  -fPIC -DPIC -DPIC conftest.c >&5
configure:11686: $? = 0
configure:11699: result: yes
configure:11728: checking if gcc -std=gnu99 static flag -static works
configure:11756: result: no
configure:11771: checking if gcc -std=gnu99 supports -c -o file.o
configure:11792: gcc -std=gnu99 -c -g -O2 -Wall  -o out/conftest2.o conftest.c >&5
configure:11796: $? = 0
configure:11818: result: yes
configure:11826: checking if gcc -std=gnu99 supports -c -o file.o
configure:11873: result: yes
configure:11906: checking whether the gcc -std=gnu99 linker (/usr/bin/ld -m elf_x86_64) supports shared libraries
configure:13169: result: yes
configure:13206: checking whether -lc should be explicitly linked in
configure:13214: gcc -std=gnu99 -c -g -O2 -Wall  conftest.c >&5
configure:13217: $? = 0
configure:13232: gcc -std=gnu99 -shared  -fPIC -DPIC conftest.o  -v -Wl,-soname -Wl,conftest -o conftest 2\>\&1 \| /bin/grep  -lc  \>/dev/null 2\>\&1
configure:13235: $? = 0
configure:13249: result: no
configure:13409: checking dynamic linker characteristics
configure:13990: gcc -std=gnu99 -o conftest -g -O2 -Wall   -Wl,-rpath -Wl,/foo conftest.c -lasound -lpthread -lm -lblas -llapack  >&5
configure:13990: $? = 0
configure:14239: result: GNU/Linux ld.so
configure:14361: checking how to hardcode library paths into programs
configure:14386: result: immediate
configure:14934: checking whether stripping libraries is possible
configure:14939: result: yes
configure:14974: checking if libtool supports shared libraries
configure:14976: result: yes
configure:14979: checking whether to build shared libraries
configure:15004: result: yes
configure:15007: checking whether to build static libraries
configure:15011: result: yes
configure:15051: checking for doxygen
configure:15079: result: no
configure:15121: checking for python
configure:15139: found /usr/bin/python
configure:15152: result: /usr/bin/python
configure:15162: checking for python-config
configure:15180: found /usr/bin/python-config
configure:15193: result: /usr/bin/python-config
configure:15205: checking Python.h usability
configure:15205: gcc -std=gnu99 -c -g -O2 -Wall  -I/usr/include/python2.7 -I/usr/include/x86_64-linux-gnu/python2.7 conftest.c >&5
configure:15205: $? = 0
configure:15205: result: yes
configure:15205: checking Python.h presence
configure:15205: gcc -std=gnu99 -E  -I/usr/include/python2.7 -I/usr/include/x86_64-linux-gnu/python2.7 conftest.c
configure:15205: $? = 0
configure:15205: result: yes
configure:15205: checking for Python.h
configure:15205: result: yes
configure:15234: checking for cython
configure:15262: result: no
configure:15282: checking for pkg-config
configure:15298: found /usr/bin/pkg-config
configure:15310: result: yes
configure:15369: checking for pkg-config
configure:15387: found /usr/bin/pkg-config
configure:15399: result: /usr/bin/pkg-config
configure:15424: checking pkg-config is at least version 0.9.0
configure:15427: result: yes
configure:15438: checking for SNDFILE
configure:15446: $PKG_CONFIG --exists --print-errors "sndfile"
Package sndfile was not found in the pkg-config search path.
Perhaps you should add the directory containing `sndfile.pc'
to the PKG_CONFIG_PATH environment variable
No package 'sndfile' found
configure:15449: $? = 1
configure:15464: $PKG_CONFIG --exists --print-errors "sndfile"
Package sndfile was not found in the pkg-config search path.
Perhaps you should add the directory containing `sndfile.pc'
to the PKG_CONFIG_PATH environment variable
No package 'sndfile' found
configure:15467: $? = 1
No package 'sndfile' found
configure:15495: result: no
configure:15509: checking sndfile.h usability
configure:15509: gcc -std=gnu99 -c -g -O2 -Wall  -I/usr/include/python2.7 -I/usr/include/x86_64-linux-gnu/python2.7 conftest.c >&5
conftest.c:72:21: fatal error: sndfile.h: No such file or directory
 #include <sndfile.h>
                     ^
compilation terminated.
configure:15509: $? = 1
configure: failed program was:
| /* confdefs.h */
| #define PACKAGE_NAME "sphinxbase"
| #define PACKAGE_TARNAME "sphinxbase"
| #define PACKAGE_VERSION "0.8"
| #define PACKAGE_STRING "sphinxbase 0.8"
| #define PACKAGE_BUGREPORT ""
| #define PACKAGE_URL ""
| #define STDC_HEADERS 1
| #define HAVE_SYS_TYPES_H 1
| #define HAVE_SYS_STAT_H 1
| #define HAVE_STDLIB_H 1
| #define HAVE_STRING_H 1
| #define HAVE_MEMORY_H 1
| #define HAVE_STRINGS_H 1
| #define HAVE_INTTYPES_H 1
| #define HAVE_STDINT_H 1
| #define HAVE_UNISTD_H 1
| #define RETSIGTYPE void
| #define HAVE_LONG_LONG 1
| #define SIZEOF_LONG_LONG 8
| #define SIZEOF_LONG 8
| #define HAVE_POPEN 1
| #define HAVE_PERROR 1
| #define HAVE_SNPRINTF 1
| #define HAVE_ICONV 1
| #define ICONV_CONST 
| #define HAVE_LIBLAPACK 1
| #define HAVE_LIBBLAS 1
| #define WITH_LAPACK /**/
| #define HAVE_LIBM 1
| #define HAVE_PTHREAD_H 1
| #define HAVE_LIBPTHREAD 1
| #define ENABLE_THREADS /**/
| #define AD_BACKEND_ALSA /**/
| #define HAVE_LIBASOUND 1
| #define HAVE_DLFCN_H 1
| #define LT_OBJDIR ".libs/"
| /* end confdefs.h.  */
| #include <stdio.h>
| #ifdef HAVE_SYS_TYPES_H
| # include <sys/types.h>
| #endif
| #ifdef HAVE_SYS_STAT_H
| # include <sys/stat.h>
| #endif
| #ifdef STDC_HEADERS
| # include <stdlib.h>
| # include <stddef.h>
| #else
| # ifdef HAVE_STDLIB_H
| #  include <stdlib.h>
| # endif
| #endif
| #ifdef HAVE_STRING_H
| # if !defined STDC_HEADERS && defined HAVE_MEMORY_H
| #  include <memory.h>
| # endif
| # include <string.h>
| #endif
| #ifdef HAVE_STRINGS_H
| # include <strings.h>
| #endif
| #ifdef HAVE_INTTYPES_H
| # include <inttypes.h>
| #endif
| #ifdef HAVE_STDINT_H
| # include <stdint.h>
| #endif
| #ifdef HAVE_UNISTD_H
| # include <unistd.h>
| #endif
| #include <sndfile.h>
configure:15509: result: no
configure:15509: checking sndfile.h presence
configure:15509: gcc -std=gnu99 -E  -I/usr/include/python2.7 -I/usr/include/x86_64-linux-gnu/python2.7 conftest.c
conftest.c:39:21: fatal error: sndfile.h: No such file or directory
 #include <sndfile.h>
                     ^
compilation terminated.
configure:15509: $? = 1
configure: failed program was:
| /* confdefs.h */
| #define PACKAGE_NAME "sphinxbase"
| #define PACKAGE_TARNAME "sphinxbase"
| #define PACKAGE_VERSION "0.8"
| #define PACKAGE_STRING "sphinxbase 0.8"
| #define PACKAGE_BUGREPORT ""
| #define PACKAGE_URL ""
| #define STDC_HEADERS 1
| #define HAVE_SYS_TYPES_H 1
| #define HAVE_SYS_STAT_H 1
| #define HAVE_STDLIB_H 1
| #define HAVE_STRING_H 1
| #define HAVE_MEMORY_H 1
| #define HAVE_STRINGS_H 1
| #define HAVE_INTTYPES_H 1
| #define HAVE_STDINT_H 1
| #define HAVE_UNISTD_H 1
| #define RETSIGTYPE void
| #define HAVE_LONG_LONG 1
| #define SIZEOF_LONG_LONG 8
| #define SIZEOF_LONG 8
| #define HAVE_POPEN 1
| #define HAVE_PERROR 1
| #define HAVE_SNPRINTF 1
| #define HAVE_ICONV 1
| #define ICONV_CONST 
| #define HAVE_LIBLAPACK 1
| #define HAVE_LIBBLAS 1
| #define WITH_LAPACK /**/
| #define HAVE_LIBM 1
| #define HAVE_PTHREAD_H 1
| #define HAVE_LIBPTHREAD 1
| #define ENABLE_THREADS /**/
| #define AD_BACKEND_ALSA /**/
| #define HAVE_LIBASOUND 1
| #define HAVE_DLFCN_H 1
| #define LT_OBJDIR ".libs/"
| /* end confdefs.h.  */
| #include <sndfile.h>
configure:15509: result: no
configure:15509: checking for sndfile.h
configure:15509: result: no
configure:15521: checking for SAMPLERATE
configure:15529: $PKG_CONFIG --exists --print-errors "samplerate"
Package samplerate was not found in the pkg-config search path.
Perhaps you should add the directory containing `samplerate.pc'
to the PKG_CONFIG_PATH environment variable
No package 'samplerate' found
configure:15532: $? = 1
configure:15547: $PKG_CONFIG --exists --print-errors "samplerate"
Package samplerate was not found in the pkg-config search path.
Perhaps you should add the directory containing `samplerate.pc'
to the PKG_CONFIG_PATH environment variable
No package 'samplerate' found
configure:15550: $? = 1
No package 'samplerate' found
configure:15578: result: no
configure:15592: checking samplerate.h usability
configure:15592: gcc -std=gnu99 -c -g -O2 -Wall  -I/usr/include/python2.7 -I/usr/include/x86_64-linux-gnu/python2.7 conftest.c >&5
conftest.c:72:24: fatal error: samplerate.h: No such file or directory
 #include <samplerate.h>
                        ^
compilation terminated.
configure:15592: $? = 1
configure: failed program was:
| /* confdefs.h */
| #define PACKAGE_NAME "sphinxbase"
| #define PACKAGE_TARNAME "sphinxbase"
| #define PACKAGE_VERSION "0.8"
| #define PACKAGE_STRING "sphinxbase 0.8"
| #define PACKAGE_BUGREPORT ""
| #define PACKAGE_URL ""
| #define STDC_HEADERS 1
| #define HAVE_SYS_TYPES_H 1
| #define HAVE_SYS_STAT_H 1
| #define HAVE_STDLIB_H 1
| #define HAVE_STRING_H 1
| #define HAVE_MEMORY_H 1
| #define HAVE_STRINGS_H 1
| #define HAVE_INTTYPES_H 1
| #define HAVE_STDINT_H 1
| #define HAVE_UNISTD_H 1
| #define RETSIGTYPE void
| #define HAVE_LONG_LONG 1
| #define SIZEOF_LONG_LONG 8
| #define SIZEOF_LONG 8
| #define HAVE_POPEN 1
| #define HAVE_PERROR 1
| #define HAVE_SNPRINTF 1
| #define HAVE_ICONV 1
| #define ICONV_CONST 
| #define HAVE_LIBLAPACK 1
| #define HAVE_LIBBLAS 1
| #define WITH_LAPACK /**/
| #define HAVE_LIBM 1
| #define HAVE_PTHREAD_H 1
| #define HAVE_LIBPTHREAD 1
| #define ENABLE_THREADS /**/
| #define AD_BACKEND_ALSA /**/
| #define HAVE_LIBASOUND 1
| #define HAVE_DLFCN_H 1
| #define LT_OBJDIR ".libs/"
| /* end confdefs.h.  */
| #include <stdio.h>
| #ifdef HAVE_SYS_TYPES_H
| # include <sys/types.h>
| #endif
| #ifdef HAVE_SYS_STAT_H
| # include <sys/stat.h>
| #endif
| #ifdef STDC_HEADERS
| # include <stdlib.h>
| # include <stddef.h>
| #else
| # ifdef HAVE_STDLIB_H
| #  include <stdlib.h>
| # endif
| #endif
| #ifdef HAVE_STRING_H
| # if !defined STDC_HEADERS && defined HAVE_MEMORY_H
| #  include <memory.h>
| # endif
| # include <string.h>
| #endif
| #ifdef HAVE_STRINGS_H
| # include <strings.h>
| #endif
| #ifdef HAVE_INTTYPES_H
| # include <inttypes.h>
| #endif
| #ifdef HAVE_STDINT_H
| # include <stdint.h>
| #endif
| #ifdef HAVE_UNISTD_H
| # include <unistd.h>
| #endif
| #include <samplerate.h>
configure:15592: result: no
configure:15592: checking samplerate.h presence
configure:15592: gcc -std=gnu99 -E  -I/usr/include/python2.7 -I/usr/include/x86_64-linux-gnu/python2.7 conftest.c
conftest.c:39:24: fatal error: samplerate.h: No such file or directory
 #include <samplerate.h>
                        ^
compilation terminated.
configure:15592: $? = 1
configure: failed program was:
| /* confdefs.h */
| #define PACKAGE_NAME "sphinxbase"
| #define PACKAGE_TARNAME "sphinxbase"
| #define PACKAGE_VERSION "0.8"
| #define PACKAGE_STRING "sphinxbase 0.8"
| #define PACKAGE_BUGREPORT ""
| #define PACKAGE_URL ""
| #define STDC_HEADERS 1
| #define HAVE_SYS_TYPES_H 1
| #define HAVE_SYS_STAT_H 1
| #define HAVE_STDLIB_H 1
| #define HAVE_STRING_H 1
| #define HAVE_MEMORY_H 1
| #define HAVE_STRINGS_H 1
| #define HAVE_INTTYPES_H 1
| #define HAVE_STDINT_H 1
| #define HAVE_UNISTD_H 1
| #define RETSIGTYPE void
| #define HAVE_LONG_LONG 1
| #define SIZEOF_LONG_LONG 8
| #define SIZEOF_LONG 8
| #define HAVE_POPEN 1
| #define HAVE_PERROR 1
| #define HAVE_SNPRINTF 1
| #define HAVE_ICONV 1
| #define ICONV_CONST 
| #define HAVE_LIBLAPACK 1
| #define HAVE_LIBBLAS 1
| #define WITH_LAPACK /**/
| #define HAVE_LIBM 1
| #define HAVE_PTHREAD_H 1
| #define HAVE_LIBPTHREAD 1
| #define ENABLE_THREADS /**/
| #define AD_BACKEND_ALSA /**/
| #define HAVE_LIBASOUND 1
| #define HAVE_DLFCN_H 1
| #define LT_OBJDIR ".libs/"
| /* end confdefs.h.  */
| #include <samplerate.h>
configure:15592: result: no
configure:15592: checking for samplerate.h
configure:15592: result: no
configure:15719: checking that generated files are newer than configure
configure:15725: result: done
configure:15781: creating ./config.status

## ---------------------- ##
## Running config.status. ##
## ---------------------- ##

This file was extended by sphinxbase config.status 0.8, which was
generated by GNU Autoconf 2.69.  Invocation command line was

  CONFIG_FILES    = 
  CONFIG_HEADERS  = 
  CONFIG_LINKS    = 
  CONFIG_COMMANDS = 
  $ ./config.status 

on syf-work

config.status:1171: creating sphinxbase.pc
config.status:1171: creating Makefile
config.status:1171: creating include/Makefile
config.status:1171: creating include/sphinxbase/Makefile
config.status:1171: creating python/Makefile
config.status:1171: creating python/setup.py
config.status:1171: creating src/Makefile
config.status:1171: creating src/libsphinxad/Makefile
config.status:1171: creating src/libsphinxbase/Makefile
config.status:1171: creating src/libsphinxbase/util/Makefile
config.status:1171: creating src/libsphinxbase/feat/Makefile
config.status:1171: creating src/libsphinxbase/fe/Makefile
config.status:1171: creating src/libsphinxbase/lm/Makefile
config.status:1171: creating src/sphinx_fe/Makefile
config.status:1171: creating src/sphinx_cepview/Makefile
config.status:1171: creating src/sphinx_jsgf2fsg/Makefile
config.status:1171: creating src/sphinx_adtools/Makefile
config.status:1171: creating src/sphinx_lmtools/Makefile
config.status:1171: creating doc/Makefile
config.status:1171: creating doc/doxyfile
config.status:1171: creating test/Makefile
config.status:1171: creating test/unit/testfuncs.sh
config.status:1171: creating test/unit/Makefile
config.status:1171: creating test/unit/test_ad/Makefile
config.status:1171: creating test/unit/test_alloc/Makefile
config.status:1171: creating test/unit/test_bitvec/Makefile
config.status:1171: creating test/unit/test_case/Makefile
config.status:1171: creating test/unit/test_string/Makefile
config.status:1171: creating test/unit/test_cmdln/Makefile
config.status:1171: creating test/unit/test_hash/Makefile
config.status:1171: creating test/unit/test_matrix/Makefile
config.status:1171: creating test/unit/test_feat/Makefile
config.status:1171: creating test/unit/test_fe/Makefile
config.status:1171: creating test/unit/test_logmath/Makefile
config.status:1171: creating test/unit/test_lineiter/Makefile
config.status:1171: creating test/unit/test_ngram/Makefile
config.status:1171: creating test/unit/test_fsg/Makefile
config.status:1171: creating test/unit/test_thread/Makefile
config.status:1171: creating test/unit/test_util/Makefile
config.status:1171: creating test/regression/testfuncs.sh
config.status:1171: creating test/regression/Makefile
config.status:1171: creating include/config.h
config.status:1352: include/config.h is unchanged
config.status:1171: creating include/sphinx_config.h
config.status:1352: include/sphinx_config.h is unchanged
config.status:1400: executing depfiles commands
config.status:1400: executing libtool commands

## ---------------- ##
## Cache variables. ##
## ---------------- ##

ac_cv_build=x86_64-unknown-linux-gnu
ac_cv_c_bigendian=no
ac_cv_c_compiler_gnu=yes
ac_cv_env_CC_set=
ac_cv_env_CC_value=
ac_cv_env_CFLAGS_set=
ac_cv_env_CFLAGS_value=
ac_cv_env_CPPFLAGS_set=
ac_cv_env_CPPFLAGS_value=
ac_cv_env_CPP_set=
ac_cv_env_CPP_value=
ac_cv_env_LDFLAGS_set=
ac_cv_env_LDFLAGS_value=
ac_cv_env_LIBS_set=
ac_cv_env_LIBS_value=
ac_cv_env_LT_SYS_LIBRARY_PATH_set=
ac_cv_env_LT_SYS_LIBRARY_PATH_value=
ac_cv_env_PKG_CONFIG_set=
ac_cv_env_PKG_CONFIG_value=
ac_cv_env_SAMPLERATE_CFLAGS_set=
ac_cv_env_SAMPLERATE_CFLAGS_value=
ac_cv_env_SAMPLERATE_LIBS_set=
ac_cv_env_SAMPLERATE_LIBS_value=
ac_cv_env_SNDFILE_CFLAGS_set=
ac_cv_env_SNDFILE_CFLAGS_value=
ac_cv_env_SNDFILE_LIBS_set=
ac_cv_env_SNDFILE_LIBS_value=
ac_cv_env_YACC_set=
ac_cv_env_YACC_value=
ac_cv_env_build_alias_set=
ac_cv_env_build_alias_value=
ac_cv_env_host_alias_set=
ac_cv_env_host_alias_value=
ac_cv_env_target_alias_set=
ac_cv_env_target_alias_value=
ac_cv_func_perror=yes
ac_cv_func_popen=yes
ac_cv_func_snprintf=yes
ac_cv_header_Python_h=yes
ac_cv_header_alsa_asoundlib_h=yes
ac_cv_header_dlfcn_h=yes
ac_cv_header_errno_h=yes
ac_cv_header_inttypes_h=yes
ac_cv_header_jack_jack_h=no
ac_cv_header_memory_h=yes
ac_cv_header_pthread_h=yes
ac_cv_header_pulse_pulseaudio_h=no
ac_cv_header_samplerate_h=no
ac_cv_header_sndfile_h=no
ac_cv_header_stdc=yes
ac_cv_header_stdint_h=yes
ac_cv_header_stdlib_h=yes
ac_cv_header_string_h=yes
ac_cv_header_strings_h=yes
ac_cv_header_sys_stat_h=yes
ac_cv_header_sys_types_h=yes
ac_cv_header_unistd_h=yes
ac_cv_host=x86_64-unknown-linux-gnu
ac_cv_lib_asound_snd_pcm_open=yes
ac_cv_lib_blas_sgemm_=yes
ac_cv_lib_lapack_sgesv_=yes
ac_cv_lib_m_log=yes
ac_cv_lib_pthread_pthread_create=yes
ac_cv_objext=o
ac_cv_path_EGREP='/bin/grep -E'
ac_cv_path_FGREP='/bin/grep -F'
ac_cv_path_GREP=/bin/grep
ac_cv_path_PYTHON=/usr/bin/python
ac_cv_path_PYTHON_CONFIG=/usr/bin/python-config
ac_cv_path_SED=/bin/sed
ac_cv_path_ac_pt_PKG_CONFIG=/usr/bin/pkg-config
ac_cv_path_install='/usr/bin/install -c'
ac_cv_path_lt_DD=/bin/dd
ac_cv_path_mkdir=/bin/mkdir
ac_cv_prog_AWK=mawk
ac_cv_prog_CPP='gcc -std=gnu99 -E'
ac_cv_prog_HAVE_CYTHON=no
ac_cv_prog_HAVE_DOXYGEN=no
ac_cv_prog_HAVE_PKGCONFIG=yes
ac_cv_prog_YACC='bison -y'
ac_cv_prog_ac_ct_AR=ar
ac_cv_prog_ac_ct_CC=gcc
ac_cv_prog_ac_ct_MANIFEST_TOOL=mt
ac_cv_prog_ac_ct_OBJDUMP=objdump
ac_cv_prog_ac_ct_RANLIB=ranlib
ac_cv_prog_ac_ct_STRIP=strip
ac_cv_prog_cc_c89=
ac_cv_prog_cc_c99=-std=gnu99
ac_cv_prog_cc_g=yes
ac_cv_prog_cc_stdc=-std=gnu99
ac_cv_prog_make_make_set=yes
ac_cv_search_strerror='none required'
ac_cv_sizeof_long=8
ac_cv_sizeof_long_long=8
ac_cv_type_long_long=yes
ac_cv_type_signal=void
acl_cv_hardcode_direct=no
acl_cv_hardcode_libdir_flag_spec='${wl}-rpath ${wl}$libdir'
acl_cv_hardcode_libdir_separator=
acl_cv_hardcode_minus_L=no
acl_cv_libext=a
acl_cv_path_LD=/usr/bin/ld
acl_cv_prog_gnu_ld=yes
acl_cv_rpath=done
acl_cv_shlibext=so
acl_cv_wl=-Wl,
am_cv_CC_dependencies_compiler_type=gcc3
am_cv_func_iconv=yes
am_cv_lib_iconv=no
am_cv_make_support_nested_variables=yes
am_cv_prog_cc_c_o=yes
am_cv_proto_iconv='extern size_t iconv (iconv_t cd, char * *inbuf, size_t *inbytesleft, char * *outbuf, size_t *outbytesleft);'
am_cv_proto_iconv_arg1=
lt_cv_ar_at_file=@
lt_cv_archive_cmds_need_lc=no
lt_cv_deplibs_check_method=pass_all
lt_cv_file_magic_cmd='$MAGIC_CMD'
lt_cv_file_magic_test_file=
lt_cv_ld_reload_flag=-r
lt_cv_nm_interface='BSD nm'
lt_cv_objdir=.libs
lt_cv_path_LD=/usr/bin/ld
lt_cv_path_NM='/usr/bin/nm -B'
lt_cv_path_mainfest_tool=no
lt_cv_prog_compiler_c_o=yes
lt_cv_prog_compiler_pic='-fPIC -DPIC'
lt_cv_prog_compiler_pic_works=yes
lt_cv_prog_compiler_rtti_exceptions=no
lt_cv_prog_compiler_static_works=no
lt_cv_prog_gnu_ld=yes
lt_cv_sharedlib_from_linklib_cmd='printf %s\n'
lt_cv_shlibpath_overrides_runpath=yes
lt_cv_sys_global_symbol_pipe='sed -n -e '\''s/^.*[	 ]\([ABCDGIRSTW][ABCDGIRSTW]*\)[	 ][	 ]*\([_A-Za-z][_A-Za-z0-9]*\)$/\1 \2 \2/p'\'' | sed '\''/ __gnu_lto/d'\'''
lt_cv_sys_global_symbol_to_c_name_address='sed -n -e '\''s/^: \(.*\) .*$/  {"\1", (void *) 0},/p'\'' -e '\''s/^[ABCDGIRSTW][ABCDGIRSTW]* .* \(.*\)$/  {"\1", (void *) \&\1},/p'\'''
lt_cv_sys_global_symbol_to_c_name_address_lib_prefix='sed -n -e '\''s/^: \(.*\) .*$/  {"\1", (void *) 0},/p'\'' -e '\''s/^[ABCDGIRSTW][ABCDGIRSTW]* .* \(lib.*\)$/  {"\1", (void *) \&\1},/p'\'' -e '\''s/^[ABCDGIRSTW][ABCDGIRSTW]* .* \(.*\)$/  {"lib\1", (void *) \&\1},/p'\'''
lt_cv_sys_global_symbol_to_cdecl='sed -n -e '\''s/^T .* \(.*\)$/extern int \1();/p'\'' -e '\''s/^[ABCDGIRSTW][ABCDGIRSTW]* .* \(.*\)$/extern char \1;/p'\'''
lt_cv_sys_global_symbol_to_import=
lt_cv_sys_max_cmd_len=1572864
lt_cv_to_host_file_cmd=func_convert_file_noop
lt_cv_to_tool_file_cmd=func_convert_file_noop
lt_cv_truncate_bin='/bin/dd bs=4096 count=1'

## ----------------- ##
## Output variables. ##
## ----------------- ##

ACLOCAL='${SHELL} /home/syf/work/PocketSphinx/sphinxbase-0.8/missing aclocal-1.15'
AMDEPBACKSLASH='\'
AMDEP_FALSE='#'
AMDEP_TRUE=''
AMTAR='$${TAR-tar}'
AM_BACKSLASH='\'
AM_DEFAULT_V='$(AM_DEFAULT_VERBOSITY)'
AM_DEFAULT_VERBOSITY='1'
AM_V='$(V)'
AR='ar'
AUTOCONF='${SHELL} /home/syf/work/PocketSphinx/sphinxbase-0.8/missing autoconf'
AUTOHEADER='${SHELL} /home/syf/work/PocketSphinx/sphinxbase-0.8/missing autoheader'
AUTOMAKE='${SHELL} /home/syf/work/PocketSphinx/sphinxbase-0.8/missing automake-1.15'
AWK='mawk'
BUILD_CYTHON_FALSE=''
BUILD_CYTHON_TRUE='#'
BUILD_DOXYGEN_FALSE=''
BUILD_DOXYGEN_TRUE='#'
BUILD_PYTHON_FALSE='#'
BUILD_PYTHON_TRUE=''
CC='gcc -std=gnu99'
CCDEPMODE='depmode=gcc3'
CFLAGS='-g -O2 -Wall'
CPP='gcc -std=gnu99 -E'
CPPFLAGS=' -I/usr/include/python2.7 -I/usr/include/x86_64-linux-gnu/python2.7'
CYGPATH_W='echo'
DEFS='-DHAVE_CONFIG_H'
DEPDIR='.deps'
DLLTOOL='false'
DSYMUTIL=''
DUMPBIN=''
ECHO_C=''
ECHO_N='-n'
ECHO_T=''
EGREP='/bin/grep -E'
EXEEXT=''
FGREP='/bin/grep -F'
FIXED_POINT_FALSE=''
FIXED_POINT_TRUE='#'
GREP='/bin/grep'
HAVE_CYTHON='no'
HAVE_DOXYGEN='no'
HAVE_PKGCONFIG='yes'
INSTALL_DATA='${INSTALL} -m 644'
INSTALL_PROGRAM='${INSTALL}'
INSTALL_SCRIPT='${INSTALL}'
INSTALL_STRIP_PROGRAM='$(install_sh) -c -s'
LAPACK_LITE_FALSE=''
LAPACK_LITE_TRUE='#'
LD='/usr/bin/ld -m elf_x86_64'
LDFLAGS=''
LIBICONV=''
LIBOBJS=''
LIBS='-lasound -lpthread -lm -lblas -llapack '
LIBTOOL='$(SHELL) $(top_builddir)/libtool'
LIPO=''
LN_S='ln -s'
LTLIBICONV=''
LTLIBOBJS=''
LT_SYS_LIBRARY_PATH=''
MAKEINFO='${SHELL} /home/syf/work/PocketSphinx/sphinxbase-0.8/missing makeinfo'
MANIFEST_TOOL=':'
MKDIR_P='/bin/mkdir -p'
NM='/usr/bin/nm -B'
NMEDIT=''
OBJDUMP='objdump'
OBJEXT='o'
OTOOL64=''
OTOOL=''
PACKAGE='sphinxbase'
PACKAGE_BUGREPORT=''
PACKAGE_NAME='sphinxbase'
PACKAGE_STRING='sphinxbase 0.8'
PACKAGE_TARNAME='sphinxbase'
PACKAGE_URL=''
PACKAGE_VERSION='0.8'
PATH_SEPARATOR=':'
PKG_CONFIG='/usr/bin/pkg-config'
PYTHON='/usr/bin/python'
PYTHON_CONFIG='/usr/bin/python-config'
RANLIB='ranlib'
SAMPLERATE_CFLAGS=''
SAMPLERATE_LIBS=''
SED='/bin/sed'
SET_MAKE=''
SHELL='/bin/bash'
SNDFILE_CFLAGS=''
SNDFILE_LIBS=''
STRIP='strip'
USE_LAPACK_FALSE='#'
USE_LAPACK_TRUE=''
USE_THREADS_FALSE='#'
USE_THREADS_TRUE=''
VERSION='0.8'
YACC='bison -y'
ac_ct_AR='ar'
ac_ct_CC='gcc'
ac_ct_DUMPBIN=''
ad_backend='AD_BACKEND_ALSA'
ad_files='ad_alsa.lo'
ad_libs=''
am__EXEEXT_FALSE=''
am__EXEEXT_TRUE='#'
am__fastdepCC_FALSE='#'
am__fastdepCC_TRUE=''
am__include='include'
am__isrc=''
am__leading_dot='.'
am__nodep='_no'
am__quote=''
am__tar='$${TAR-tar} chof - "$$tardir"'
am__untar='$${TAR-tar} xf -'
bindir='${exec_prefix}/bin'
build='x86_64-unknown-linux-gnu'
build_alias=''
build_cpu='x86_64'
build_os='linux-gnu'
build_vendor='unknown'
datadir='${datarootdir}'
datarootdir='${prefix}/share'
docdir='${datarootdir}/doc/${PACKAGE_TARNAME}'
dvidir='${docdir}'
exec_prefix='${prefix}'
host='x86_64-unknown-linux-gnu'
host_alias=''
host_cpu='x86_64'
host_os='linux-gnu'
host_vendor='unknown'
htmldir='${docdir}'
includedir='${prefix}/include'
infodir='${datarootdir}/info'
install_sh='${SHELL} /home/syf/work/PocketSphinx/sphinxbase-0.8/install-sh'
libdir='${exec_prefix}/lib'
libexecdir='${exec_prefix}/libexec'
localedir='${datarootdir}/locale'
localstatedir='${prefix}/var'
mandir='${datarootdir}/man'
mkdir_p='$(MKDIR_P)'
oldincludedir='/usr/include'
pdfdir='${docdir}'
prefix='/usr/local'
program_transform_name='s,x,x,'
psdir='${docdir}'
runstatedir='${localstatedir}/run'
sbindir='${exec_prefix}/sbin'
sharedstatedir='${prefix}/com'
sysconfdir='${prefix}/etc'
target_alias=''

## ----------- ##
## confdefs.h. ##
## ----------- ##

/* confdefs.h */
#define PACKAGE_NAME "sphinxbase"
#define PACKAGE_TARNAME "sphinxbase"
#define PACKAGE_VERSION "0.8"
#define PACKAGE_STRING "sphinxbase 0.8"
#define PACKAGE_BUGREPORT ""
#define PACKAGE_URL ""
#define STDC_HEADERS 1
#define HAVE_SYS_TYPES_H 1
#define HAVE_SYS_STAT_H 1
#define HAVE_STDLIB_H 1
#define HAVE_STRING_H 1
#define HAVE_MEMORY_H 1
#define HAVE_STRINGS_H 1
#define HAVE_INTTYPES_H 1
#define HAVE_STDINT_H 1
#define HAVE_UNISTD_H 1
#define RETSIGTYPE void
#define HAVE_LONG_LONG 1
#define SIZEOF_LONG_LONG 8
#define SIZEOF_LONG 8
#define HAVE_POPEN 1
#define HAVE_PERROR 1
#define HAVE_SNPRINTF 1
#define HAVE_ICONV 1
#define ICONV_CONST 
#define HAVE_LIBLAPACK 1
#define HAVE_LIBBLAS 1
#define WITH_LAPACK /**/
#define HAVE_LIBM 1
#define HAVE_PTHREAD_H 1
#define HAVE_LIBPTHREAD 1
#define ENABLE_THREADS /**/
#define AD_BACKEND_ALSA /**/
#define HAVE_LIBASOUND 1
#define HAVE_DLFCN_H 1
#define LT_OBJDIR ".libs/"

configure: exit 0
